[13-Jul-2022 12:26:18 America/Mexico_City] PHP Notice:  Undefined variable: o in C:\wamp64\www\GrupoLEA\views\compras\compras.php on line 129
[13-Jul-2022 12:26:18 America/Mexico_City] PHP Stack trace:
[13-Jul-2022 12:26:18 America/Mexico_City] PHP   1. {main}() C:\wamp64\www\GrupoLEA\views\principal\index.php:0
[13-Jul-2022 12:26:18 America/Mexico_City] PHP   2. llamarController() C:\wamp64\www\GrupoLEA\views\principal\index.php:21
[13-Jul-2022 12:26:18 America/Mexico_City] PHP   3. comprasController->index() C:\wamp64\www\GrupoLEA\views\principal\index.php:40
[13-Jul-2022 12:26:18 America/Mexico_City] PHP   4. require_once() C:\wamp64\www\GrupoLEA\controllers\ComprasController.php:33
[13-Jul-2022 12:26:18 America/Mexico_City] PHP Notice:  Trying to access array offset on value of type null in C:\wamp64\www\GrupoLEA\views\compras\compras.php on line 129
[13-Jul-2022 12:26:18 America/Mexico_City] PHP Stack trace:
[13-Jul-2022 12:26:18 America/Mexico_City] PHP   1. {main}() C:\wamp64\www\GrupoLEA\views\principal\index.php:0
[13-Jul-2022 12:26:18 America/Mexico_City] PHP   2. llamarController() C:\wamp64\www\GrupoLEA\views\principal\index.php:21
[13-Jul-2022 12:26:18 America/Mexico_City] PHP   3. comprasController->index() C:\wamp64\www\GrupoLEA\views\principal\index.php:40
[13-Jul-2022 12:26:18 America/Mexico_City] PHP   4. require_once() C:\wamp64\www\GrupoLEA\controllers\ComprasController.php:33
[13-Jul-2022 12:28:37 America/Mexico_City] PHP Notice:  Undefined variable: o in C:\wamp64\www\GrupoLEA\views\compras\compras.php on line 129
[13-Jul-2022 12:28:37 America/Mexico_City] PHP Stack trace:
[13-Jul-2022 12:28:37 America/Mexico_City] PHP   1. {main}() C:\wamp64\www\GrupoLEA\views\principal\index.php:0
[13-Jul-2022 12:28:37 America/Mexico_City] PHP   2. llamarController() C:\wamp64\www\GrupoLEA\views\principal\index.php:21
[13-Jul-2022 12:28:37 America/Mexico_City] PHP   3. comprasController->index() C:\wamp64\www\GrupoLEA\views\principal\index.php:40
[13-Jul-2022 12:28:37 America/Mexico_City] PHP   4. require_once() C:\wamp64\www\GrupoLEA\controllers\ComprasController.php:33
[13-Jul-2022 12:28:37 America/Mexico_City] PHP Notice:  Trying to access array offset on value of type null in C:\wamp64\www\GrupoLEA\views\compras\compras.php on line 129
[13-Jul-2022 12:28:37 America/Mexico_City] PHP Stack trace:
[13-Jul-2022 12:28:37 America/Mexico_City] PHP   1. {main}() C:\wamp64\www\GrupoLEA\views\principal\index.php:0
[13-Jul-2022 12:28:37 America/Mexico_City] PHP   2. llamarController() C:\wamp64\www\GrupoLEA\views\principal\index.php:21
[13-Jul-2022 12:28:37 America/Mexico_City] PHP   3. comprasController->index() C:\wamp64\www\GrupoLEA\views\principal\index.php:40
[13-Jul-2022 12:28:37 America/Mexico_City] PHP   4. require_once() C:\wamp64\www\GrupoLEA\controllers\ComprasController.php:33
[13-Jul-2022 12:28:55 America/Mexico_City] PHP Notice:  Undefined variable: o in C:\wamp64\www\GrupoLEA\views\compras\compras.php on line 129
[13-Jul-2022 12:28:55 America/Mexico_City] PHP Stack trace:
[13-Jul-2022 12:28:55 America/Mexico_City] PHP   1. {main}() C:\wamp64\www\GrupoLEA\views\principal\index.php:0
[13-Jul-2022 12:28:55 America/Mexico_City] PHP   2. llamarController() C:\wamp64\www\GrupoLEA\views\principal\index.php:21
[13-Jul-2022 12:28:55 America/Mexico_City] PHP   3. comprasController->index() C:\wamp64\www\GrupoLEA\views\principal\index.php:40
[13-Jul-2022 12:28:55 America/Mexico_City] PHP   4. require_once() C:\wamp64\www\GrupoLEA\controllers\ComprasController.php:33
[13-Jul-2022 12:28:55 America/Mexico_City] PHP Notice:  Trying to access array offset on value of type null in C:\wamp64\www\GrupoLEA\views\compras\compras.php on line 129
[13-Jul-2022 12:28:55 America/Mexico_City] PHP Stack trace:
[13-Jul-2022 12:28:55 America/Mexico_City] PHP   1. {main}() C:\wamp64\www\GrupoLEA\views\principal\index.php:0
[13-Jul-2022 12:28:55 America/Mexico_City] PHP   2. llamarController() C:\wamp64\www\GrupoLEA\views\principal\index.php:21
[13-Jul-2022 12:28:55 America/Mexico_City] PHP   3. comprasController->index() C:\wamp64\www\GrupoLEA\views\principal\index.php:40
[13-Jul-2022 12:28:55 America/Mexico_City] PHP   4. require_once() C:\wamp64\www\GrupoLEA\controllers\ComprasController.php:33
[13-Jul-2022 13:30:43 America/Mexico_City] PHP Notice:  Undefined variable: o in C:\wamp64\www\GrupoLEA\views\compras\compras.php on line 129
[13-Jul-2022 13:30:43 America/Mexico_City] PHP Stack trace:
[13-Jul-2022 13:30:43 America/Mexico_City] PHP   1. {main}() C:\wamp64\www\GrupoLEA\views\principal\index.php:0
[13-Jul-2022 13:30:43 America/Mexico_City] PHP   2. llamarController() C:\wamp64\www\GrupoLEA\views\principal\index.php:21
[13-Jul-2022 13:30:43 America/Mexico_City] PHP   3. comprasController->index() C:\wamp64\www\GrupoLEA\views\principal\index.php:40
[13-Jul-2022 13:30:43 America/Mexico_City] PHP   4. require_once() C:\wamp64\www\GrupoLEA\controllers\ComprasController.php:33
[13-Jul-2022 13:30:43 America/Mexico_City] PHP Notice:  Trying to access array offset on value of type null in C:\wamp64\www\GrupoLEA\views\compras\compras.php on line 129
[13-Jul-2022 13:30:43 America/Mexico_City] PHP Stack trace:
[13-Jul-2022 13:30:43 America/Mexico_City] PHP   1. {main}() C:\wamp64\www\GrupoLEA\views\principal\index.php:0
[13-Jul-2022 13:30:43 America/Mexico_City] PHP   2. llamarController() C:\wamp64\www\GrupoLEA\views\principal\index.php:21
[13-Jul-2022 13:30:43 America/Mexico_City] PHP   3. comprasController->index() C:\wamp64\www\GrupoLEA\views\principal\index.php:40
[13-Jul-2022 13:30:43 America/Mexico_City] PHP   4. require_once() C:\wamp64\www\GrupoLEA\controllers\ComprasController.php:33
[13-Jul-2022 13:32:20 America/Mexico_City] PHP Deprecated:  Unparenthesized `a ? b : c ? d : e` is deprecated. Use either `(a ? b : c) ? d : e` or `a ? b : (c ? d : e)` in C:\wamp64\www\GrupoLEA\views\compras\embarques.php on line 122
[13-Jul-2022 13:32:20 America/Mexico_City] PHP Stack trace:
[13-Jul-2022 13:32:20 America/Mexico_City] PHP   1. {main}() C:\wamp64\www\GrupoLEA\index.php:0
[13-Jul-2022 13:32:20 America/Mexico_City] PHP   2. comprasController->recepcionCompras() C:\wamp64\www\GrupoLEA\index.php:28
[13-Jul-2022 13:32:20 America/Mexico_City] PHP Deprecated:  Unparenthesized `a ? b : c ? d : e` is deprecated. Use either `(a ? b : c) ? d : e` or `a ? b : (c ? d : e)` in C:\wamp64\www\GrupoLEA\views\compras\embarques.php on line 135
[13-Jul-2022 13:32:20 America/Mexico_City] PHP Stack trace:
[13-Jul-2022 13:32:20 America/Mexico_City] PHP   1. {main}() C:\wamp64\www\GrupoLEA\index.php:0
[13-Jul-2022 13:32:20 America/Mexico_City] PHP   2. comprasController->recepcionCompras() C:\wamp64\www\GrupoLEA\index.php:28
[13-Jul-2022 13:32:20 America/Mexico_City] PHP Deprecated:  Unparenthesized `a ? b : c ? d : e` is deprecated. Use either `(a ? b : c) ? d : e` or `a ? b : (c ? d : e)` in C:\wamp64\www\GrupoLEA\views\compras\embarques.php on line 149
[13-Jul-2022 13:32:20 America/Mexico_City] PHP Stack trace:
[13-Jul-2022 13:32:20 America/Mexico_City] PHP   1. {main}() C:\wamp64\www\GrupoLEA\index.php:0
[13-Jul-2022 13:32:20 America/Mexico_City] PHP   2. comprasController->recepcionCompras() C:\wamp64\www\GrupoLEA\index.php:28
[13-Jul-2022 13:32:20 America/Mexico_City] PHP Deprecated:  Unparenthesized `a ? b : c ? d : e` is deprecated. Use either `(a ? b : c) ? d : e` or `a ? b : (c ? d : e)` in C:\wamp64\www\GrupoLEA\views\compras\embarques.php on line 169
[13-Jul-2022 13:32:20 America/Mexico_City] PHP Stack trace:
[13-Jul-2022 13:32:20 America/Mexico_City] PHP   1. {main}() C:\wamp64\www\GrupoLEA\index.php:0
[13-Jul-2022 13:32:20 America/Mexico_City] PHP   2. comprasController->recepcionCompras() C:\wamp64\www\GrupoLEA\index.php:28
[13-Jul-2022 13:32:20 America/Mexico_City] PHP Deprecated:  Unparenthesized `a ? b : c ? d : e` is deprecated. Use either `(a ? b : c) ? d : e` or `a ? b : (c ? d : e)` in C:\wamp64\www\GrupoLEA\views\compras\embarques.php on line 201
[13-Jul-2022 13:32:20 America/Mexico_City] PHP Stack trace:
[13-Jul-2022 13:32:20 America/Mexico_City] PHP   1. {main}() C:\wamp64\www\GrupoLEA\index.php:0
[13-Jul-2022 13:32:20 America/Mexico_City] PHP   2. comprasController->recepcionCompras() C:\wamp64\www\GrupoLEA\index.php:28
[13-Jul-2022 13:32:20 America/Mexico_City] PHP Deprecated:  Unparenthesized `a ? b : c ? d : e` is deprecated. Use either `(a ? b : c) ? d : e` or `a ? b : (c ? d : e)` in C:\wamp64\www\GrupoLEA\views\compras\embarques.php on line 248
[13-Jul-2022 13:32:20 America/Mexico_City] PHP Stack trace:
[13-Jul-2022 13:32:20 America/Mexico_City] PHP   1. {main}() C:\wamp64\www\GrupoLEA\index.php:0
[13-Jul-2022 13:32:20 America/Mexico_City] PHP   2. comprasController->recepcionCompras() C:\wamp64\www\GrupoLEA\index.php:28
[13-Jul-2022 13:32:20 America/Mexico_City] PHP Deprecated:  Unparenthesized `a ? b : c ? d : e` is deprecated. Use either `(a ? b : c) ? d : e` or `a ? b : (c ? d : e)` in C:\wamp64\www\GrupoLEA\views\compras\embarques.php on line 262
[13-Jul-2022 13:32:20 America/Mexico_City] PHP Stack trace:
[13-Jul-2022 13:32:20 America/Mexico_City] PHP   1. {main}() C:\wamp64\www\GrupoLEA\index.php:0
[13-Jul-2022 13:32:20 America/Mexico_City] PHP   2. comprasController->recepcionCompras() C:\wamp64\www\GrupoLEA\index.php:28
