[28-Mar-2022 17:05:03 America/Mexico_City] PHP Notice:  Undefined index: observaciones in C:\wamp64\www\GrupoLEA\controllers\SistemasController.php on line 53
[28-Mar-2022 17:05:03 America/Mexico_City] PHP Stack trace:
[28-Mar-2022 17:05:03 America/Mexico_City] PHP   1. {main}() C:\wamp64\www\GrupoLEA\index.php:0
[28-Mar-2022 17:05:03 America/Mexico_City] PHP   2. sistemasController->generarSolicitudServicio() C:\wamp64\www\GrupoLEA\index.php:28
[28-Mar-2022 17:05:03 America/Mexico_City] PHP Notice:  Undefined index: solucion in C:\wamp64\www\GrupoLEA\controllers\SistemasController.php on line 54
[28-Mar-2022 17:05:03 America/Mexico_City] PHP Stack trace:
[28-Mar-2022 17:05:03 America/Mexico_City] PHP   1. {main}() C:\wamp64\www\GrupoLEA\index.php:0
[28-Mar-2022 17:05:03 America/Mexico_City] PHP   2. sistemasController->generarSolicitudServicio() C:\wamp64\www\GrupoLEA\index.php:28
[28-Mar-2022 17:05:06 America/Mexico_City] PHP Notice:  Undefined index: observaciones in C:\wamp64\www\GrupoLEA\controllers\SistemasController.php on line 53
[28-Mar-2022 17:05:06 America/Mexico_City] PHP Stack trace:
[28-Mar-2022 17:05:06 America/Mexico_City] PHP   1. {main}() C:\wamp64\www\GrupoLEA\index.php:0
[28-Mar-2022 17:05:06 America/Mexico_City] PHP   2. sistemasController->generarSolicitudServicio() C:\wamp64\www\GrupoLEA\index.php:28
[28-Mar-2022 17:05:06 America/Mexico_City] PHP Notice:  Undefined index: solucion in C:\wamp64\www\GrupoLEA\controllers\SistemasController.php on line 54
[28-Mar-2022 17:05:06 America/Mexico_City] PHP Stack trace:
[28-Mar-2022 17:05:06 America/Mexico_City] PHP   1. {main}() C:\wamp64\www\GrupoLEA\index.php:0
[28-Mar-2022 17:05:06 America/Mexico_City] PHP   2. sistemasController->generarSolicitudServicio() C:\wamp64\www\GrupoLEA\index.php:28
[28-Mar-2022 17:05:09 America/Mexico_City] PHP Notice:  Undefined index: observaciones in C:\wamp64\www\GrupoLEA\controllers\SistemasController.php on line 53
[28-Mar-2022 17:05:09 America/Mexico_City] PHP Stack trace:
[28-Mar-2022 17:05:09 America/Mexico_City] PHP   1. {main}() C:\wamp64\www\GrupoLEA\index.php:0
[28-Mar-2022 17:05:09 America/Mexico_City] PHP   2. sistemasController->generarSolicitudServicio() C:\wamp64\www\GrupoLEA\index.php:28
[28-Mar-2022 17:05:09 America/Mexico_City] PHP Notice:  Undefined index: solucion in C:\wamp64\www\GrupoLEA\controllers\SistemasController.php on line 54
[28-Mar-2022 17:05:09 America/Mexico_City] PHP Stack trace:
[28-Mar-2022 17:05:09 America/Mexico_City] PHP   1. {main}() C:\wamp64\www\GrupoLEA\index.php:0
[28-Mar-2022 17:05:09 America/Mexico_City] PHP   2. sistemasController->generarSolicitudServicio() C:\wamp64\www\GrupoLEA\index.php:28
[28-Mar-2022 17:05:11 America/Mexico_City] PHP Notice:  Undefined index: observaciones in C:\wamp64\www\GrupoLEA\controllers\SistemasController.php on line 53
[28-Mar-2022 17:05:11 America/Mexico_City] PHP Stack trace:
[28-Mar-2022 17:05:11 America/Mexico_City] PHP   1. {main}() C:\wamp64\www\GrupoLEA\index.php:0
[28-Mar-2022 17:05:11 America/Mexico_City] PHP   2. sistemasController->generarSolicitudServicio() C:\wamp64\www\GrupoLEA\index.php:28
[28-Mar-2022 17:05:11 America/Mexico_City] PHP Notice:  Undefined index: solucion in C:\wamp64\www\GrupoLEA\controllers\SistemasController.php on line 54
[28-Mar-2022 17:05:11 America/Mexico_City] PHP Stack trace:
[28-Mar-2022 17:05:11 America/Mexico_City] PHP   1. {main}() C:\wamp64\www\GrupoLEA\index.php:0
[28-Mar-2022 17:05:11 America/Mexico_City] PHP   2. sistemasController->generarSolicitudServicio() C:\wamp64\www\GrupoLEA\index.php:28
[28-Mar-2022 17:05:14 America/Mexico_City] PHP Notice:  Undefined index: observaciones in C:\wamp64\www\GrupoLEA\controllers\SistemasController.php on line 53
[28-Mar-2022 17:05:14 America/Mexico_City] PHP Stack trace:
[28-Mar-2022 17:05:14 America/Mexico_City] PHP   1. {main}() C:\wamp64\www\GrupoLEA\index.php:0
[28-Mar-2022 17:05:14 America/Mexico_City] PHP   2. sistemasController->generarSolicitudServicio() C:\wamp64\www\GrupoLEA\index.php:28
[28-Mar-2022 17:05:14 America/Mexico_City] PHP Notice:  Undefined index: solucion in C:\wamp64\www\GrupoLEA\controllers\SistemasController.php on line 54
[28-Mar-2022 17:05:14 America/Mexico_City] PHP Stack trace:
[28-Mar-2022 17:05:14 America/Mexico_City] PHP   1. {main}() C:\wamp64\www\GrupoLEA\index.php:0
[28-Mar-2022 17:05:14 America/Mexico_City] PHP   2. sistemasController->generarSolicitudServicio() C:\wamp64\www\GrupoLEA\index.php:28
[28-Mar-2022 17:05:17 America/Mexico_City] PHP Notice:  Undefined index: observaciones in C:\wamp64\www\GrupoLEA\controllers\SistemasController.php on line 53
[28-Mar-2022 17:05:17 America/Mexico_City] PHP Stack trace:
[28-Mar-2022 17:05:17 America/Mexico_City] PHP   1. {main}() C:\wamp64\www\GrupoLEA\index.php:0
[28-Mar-2022 17:05:17 America/Mexico_City] PHP   2. sistemasController->generarSolicitudServicio() C:\wamp64\www\GrupoLEA\index.php:28
[28-Mar-2022 17:05:17 America/Mexico_City] PHP Notice:  Undefined index: solucion in C:\wamp64\www\GrupoLEA\controllers\SistemasController.php on line 54
[28-Mar-2022 17:05:17 America/Mexico_City] PHP Stack trace:
[28-Mar-2022 17:05:17 America/Mexico_City] PHP   1. {main}() C:\wamp64\www\GrupoLEA\index.php:0
[28-Mar-2022 17:05:17 America/Mexico_City] PHP   2. sistemasController->generarSolicitudServicio() C:\wamp64\www\GrupoLEA\index.php:28
[28-Mar-2022 17:05:20 America/Mexico_City] PHP Notice:  Undefined index: observaciones in C:\wamp64\www\GrupoLEA\controllers\SistemasController.php on line 53
[28-Mar-2022 17:05:20 America/Mexico_City] PHP Stack trace:
[28-Mar-2022 17:05:20 America/Mexico_City] PHP   1. {main}() C:\wamp64\www\GrupoLEA\index.php:0
[28-Mar-2022 17:05:20 America/Mexico_City] PHP   2. sistemasController->generarSolicitudServicio() C:\wamp64\www\GrupoLEA\index.php:28
[28-Mar-2022 17:05:20 America/Mexico_City] PHP Notice:  Undefined index: solucion in C:\wamp64\www\GrupoLEA\controllers\SistemasController.php on line 54
[28-Mar-2022 17:05:20 America/Mexico_City] PHP Stack trace:
[28-Mar-2022 17:05:20 America/Mexico_City] PHP   1. {main}() C:\wamp64\www\GrupoLEA\index.php:0
[28-Mar-2022 17:05:20 America/Mexico_City] PHP   2. sistemasController->generarSolicitudServicio() C:\wamp64\www\GrupoLEA\index.php:28
[28-Mar-2022 17:05:23 America/Mexico_City] PHP Notice:  Undefined index: observaciones in C:\wamp64\www\GrupoLEA\controllers\SistemasController.php on line 53
[28-Mar-2022 17:05:23 America/Mexico_City] PHP Stack trace:
[28-Mar-2022 17:05:23 America/Mexico_City] PHP   1. {main}() C:\wamp64\www\GrupoLEA\index.php:0
[28-Mar-2022 17:05:23 America/Mexico_City] PHP   2. sistemasController->generarSolicitudServicio() C:\wamp64\www\GrupoLEA\index.php:28
[28-Mar-2022 17:05:23 America/Mexico_City] PHP Notice:  Undefined index: solucion in C:\wamp64\www\GrupoLEA\controllers\SistemasController.php on line 54
[28-Mar-2022 17:05:23 America/Mexico_City] PHP Stack trace:
[28-Mar-2022 17:05:23 America/Mexico_City] PHP   1. {main}() C:\wamp64\www\GrupoLEA\index.php:0
[28-Mar-2022 17:05:23 America/Mexico_City] PHP   2. sistemasController->generarSolicitudServicio() C:\wamp64\www\GrupoLEA\index.php:28
[28-Mar-2022 17:05:26 America/Mexico_City] PHP Notice:  Undefined index: observaciones in C:\wamp64\www\GrupoLEA\controllers\SistemasController.php on line 53
[28-Mar-2022 17:05:26 America/Mexico_City] PHP Stack trace:
[28-Mar-2022 17:05:26 America/Mexico_City] PHP   1. {main}() C:\wamp64\www\GrupoLEA\index.php:0
[28-Mar-2022 17:05:26 America/Mexico_City] PHP   2. sistemasController->generarSolicitudServicio() C:\wamp64\www\GrupoLEA\index.php:28
[28-Mar-2022 17:05:26 America/Mexico_City] PHP Notice:  Undefined index: solucion in C:\wamp64\www\GrupoLEA\controllers\SistemasController.php on line 54
[28-Mar-2022 17:05:26 America/Mexico_City] PHP Stack trace:
[28-Mar-2022 17:05:26 America/Mexico_City] PHP   1. {main}() C:\wamp64\www\GrupoLEA\index.php:0
[28-Mar-2022 17:05:26 America/Mexico_City] PHP   2. sistemasController->generarSolicitudServicio() C:\wamp64\www\GrupoLEA\index.php:28
[28-Mar-2022 17:05:29 America/Mexico_City] PHP Notice:  Undefined index: observaciones in C:\wamp64\www\GrupoLEA\controllers\SistemasController.php on line 53
[28-Mar-2022 17:05:29 America/Mexico_City] PHP Stack trace:
[28-Mar-2022 17:05:29 America/Mexico_City] PHP   1. {main}() C:\wamp64\www\GrupoLEA\index.php:0
[28-Mar-2022 17:05:29 America/Mexico_City] PHP   2. sistemasController->generarSolicitudServicio() C:\wamp64\www\GrupoLEA\index.php:28
[28-Mar-2022 17:05:29 America/Mexico_City] PHP Notice:  Undefined index: solucion in C:\wamp64\www\GrupoLEA\controllers\SistemasController.php on line 54
[28-Mar-2022 17:05:29 America/Mexico_City] PHP Stack trace:
[28-Mar-2022 17:05:29 America/Mexico_City] PHP   1. {main}() C:\wamp64\www\GrupoLEA\index.php:0
[28-Mar-2022 17:05:29 America/Mexico_City] PHP   2. sistemasController->generarSolicitudServicio() C:\wamp64\www\GrupoLEA\index.php:28
[28-Mar-2022 17:05:31 America/Mexico_City] PHP Notice:  Undefined index: observaciones in C:\wamp64\www\GrupoLEA\controllers\SistemasController.php on line 53
[28-Mar-2022 17:05:31 America/Mexico_City] PHP Stack trace:
[28-Mar-2022 17:05:31 America/Mexico_City] PHP   1. {main}() C:\wamp64\www\GrupoLEA\index.php:0
[28-Mar-2022 17:05:31 America/Mexico_City] PHP   2. sistemasController->generarSolicitudServicio() C:\wamp64\www\GrupoLEA\index.php:28
[28-Mar-2022 17:05:31 America/Mexico_City] PHP Notice:  Undefined index: solucion in C:\wamp64\www\GrupoLEA\controllers\SistemasController.php on line 54
[28-Mar-2022 17:05:31 America/Mexico_City] PHP Stack trace:
[28-Mar-2022 17:05:31 America/Mexico_City] PHP   1. {main}() C:\wamp64\www\GrupoLEA\index.php:0
[28-Mar-2022 17:05:31 America/Mexico_City] PHP   2. sistemasController->generarSolicitudServicio() C:\wamp64\www\GrupoLEA\index.php:28
[28-Mar-2022 17:05:34 America/Mexico_City] PHP Notice:  Undefined index: observaciones in C:\wamp64\www\GrupoLEA\controllers\SistemasController.php on line 53
[28-Mar-2022 17:05:34 America/Mexico_City] PHP Stack trace:
[28-Mar-2022 17:05:34 America/Mexico_City] PHP   1. {main}() C:\wamp64\www\GrupoLEA\index.php:0
[28-Mar-2022 17:05:34 America/Mexico_City] PHP   2. sistemasController->generarSolicitudServicio() C:\wamp64\www\GrupoLEA\index.php:28
[28-Mar-2022 17:05:34 America/Mexico_City] PHP Notice:  Undefined index: solucion in C:\wamp64\www\GrupoLEA\controllers\SistemasController.php on line 54
[28-Mar-2022 17:05:34 America/Mexico_City] PHP Stack trace:
[28-Mar-2022 17:05:34 America/Mexico_City] PHP   1. {main}() C:\wamp64\www\GrupoLEA\index.php:0
[28-Mar-2022 17:05:34 America/Mexico_City] PHP   2. sistemasController->generarSolicitudServicio() C:\wamp64\www\GrupoLEA\index.php:28
[28-Mar-2022 17:05:37 America/Mexico_City] PHP Notice:  Undefined index: observaciones in C:\wamp64\www\GrupoLEA\controllers\SistemasController.php on line 53
[28-Mar-2022 17:05:37 America/Mexico_City] PHP Stack trace:
[28-Mar-2022 17:05:37 America/Mexico_City] PHP   1. {main}() C:\wamp64\www\GrupoLEA\index.php:0
[28-Mar-2022 17:05:37 America/Mexico_City] PHP   2. sistemasController->generarSolicitudServicio() C:\wamp64\www\GrupoLEA\index.php:28
[28-Mar-2022 17:05:37 America/Mexico_City] PHP Notice:  Undefined index: solucion in C:\wamp64\www\GrupoLEA\controllers\SistemasController.php on line 54
[28-Mar-2022 17:05:37 America/Mexico_City] PHP Stack trace:
[28-Mar-2022 17:05:37 America/Mexico_City] PHP   1. {main}() C:\wamp64\www\GrupoLEA\index.php:0
[28-Mar-2022 17:05:37 America/Mexico_City] PHP   2. sistemasController->generarSolicitudServicio() C:\wamp64\www\GrupoLEA\index.php:28
[28-Mar-2022 17:05:40 America/Mexico_City] PHP Notice:  Undefined index: observaciones in C:\wamp64\www\GrupoLEA\controllers\SistemasController.php on line 53
[28-Mar-2022 17:05:40 America/Mexico_City] PHP Stack trace:
[28-Mar-2022 17:05:40 America/Mexico_City] PHP   1. {main}() C:\wamp64\www\GrupoLEA\index.php:0
[28-Mar-2022 17:05:40 America/Mexico_City] PHP   2. sistemasController->generarSolicitudServicio() C:\wamp64\www\GrupoLEA\index.php:28
[28-Mar-2022 17:05:40 America/Mexico_City] PHP Notice:  Undefined index: solucion in C:\wamp64\www\GrupoLEA\controllers\SistemasController.php on line 54
[28-Mar-2022 17:05:40 America/Mexico_City] PHP Stack trace:
[28-Mar-2022 17:05:40 America/Mexico_City] PHP   1. {main}() C:\wamp64\www\GrupoLEA\index.php:0
[28-Mar-2022 17:05:40 America/Mexico_City] PHP   2. sistemasController->generarSolicitudServicio() C:\wamp64\www\GrupoLEA\index.php:28
[28-Mar-2022 17:05:43 America/Mexico_City] PHP Notice:  Undefined index: observaciones in C:\wamp64\www\GrupoLEA\controllers\SistemasController.php on line 53
[28-Mar-2022 17:05:43 America/Mexico_City] PHP Stack trace:
[28-Mar-2022 17:05:43 America/Mexico_City] PHP   1. {main}() C:\wamp64\www\GrupoLEA\index.php:0
[28-Mar-2022 17:05:43 America/Mexico_City] PHP   2. sistemasController->generarSolicitudServicio() C:\wamp64\www\GrupoLEA\index.php:28
[28-Mar-2022 17:05:43 America/Mexico_City] PHP Notice:  Undefined index: solucion in C:\wamp64\www\GrupoLEA\controllers\SistemasController.php on line 54
[28-Mar-2022 17:05:43 America/Mexico_City] PHP Stack trace:
[28-Mar-2022 17:05:43 America/Mexico_City] PHP   1. {main}() C:\wamp64\www\GrupoLEA\index.php:0
[28-Mar-2022 17:05:43 America/Mexico_City] PHP   2. sistemasController->generarSolicitudServicio() C:\wamp64\www\GrupoLEA\index.php:28
[28-Mar-2022 17:05:46 America/Mexico_City] PHP Notice:  Undefined index: observaciones in C:\wamp64\www\GrupoLEA\controllers\SistemasController.php on line 53
[28-Mar-2022 17:05:46 America/Mexico_City] PHP Stack trace:
[28-Mar-2022 17:05:46 America/Mexico_City] PHP   1. {main}() C:\wamp64\www\GrupoLEA\index.php:0
[28-Mar-2022 17:05:46 America/Mexico_City] PHP   2. sistemasController->generarSolicitudServicio() C:\wamp64\www\GrupoLEA\index.php:28
[28-Mar-2022 17:05:46 America/Mexico_City] PHP Notice:  Undefined index: solucion in C:\wamp64\www\GrupoLEA\controllers\SistemasController.php on line 54
[28-Mar-2022 17:05:46 America/Mexico_City] PHP Stack trace:
[28-Mar-2022 17:05:46 America/Mexico_City] PHP   1. {main}() C:\wamp64\www\GrupoLEA\index.php:0
[28-Mar-2022 17:05:46 America/Mexico_City] PHP   2. sistemasController->generarSolicitudServicio() C:\wamp64\www\GrupoLEA\index.php:28
[28-Mar-2022 17:05:49 America/Mexico_City] PHP Notice:  Undefined index: observaciones in C:\wamp64\www\GrupoLEA\controllers\SistemasController.php on line 53
[28-Mar-2022 17:05:49 America/Mexico_City] PHP Stack trace:
[28-Mar-2022 17:05:49 America/Mexico_City] PHP   1. {main}() C:\wamp64\www\GrupoLEA\index.php:0
[28-Mar-2022 17:05:49 America/Mexico_City] PHP   2. sistemasController->generarSolicitudServicio() C:\wamp64\www\GrupoLEA\index.php:28
[28-Mar-2022 17:05:49 America/Mexico_City] PHP Notice:  Undefined index: solucion in C:\wamp64\www\GrupoLEA\controllers\SistemasController.php on line 54
[28-Mar-2022 17:05:49 America/Mexico_City] PHP Stack trace:
[28-Mar-2022 17:05:49 America/Mexico_City] PHP   1. {main}() C:\wamp64\www\GrupoLEA\index.php:0
[28-Mar-2022 17:05:49 America/Mexico_City] PHP   2. sistemasController->generarSolicitudServicio() C:\wamp64\www\GrupoLEA\index.php:28
[28-Mar-2022 17:05:51 America/Mexico_City] PHP Notice:  Undefined index: observaciones in C:\wamp64\www\GrupoLEA\controllers\SistemasController.php on line 53
[28-Mar-2022 17:05:51 America/Mexico_City] PHP Stack trace:
[28-Mar-2022 17:05:51 America/Mexico_City] PHP   1. {main}() C:\wamp64\www\GrupoLEA\index.php:0
[28-Mar-2022 17:05:51 America/Mexico_City] PHP   2. sistemasController->generarSolicitudServicio() C:\wamp64\www\GrupoLEA\index.php:28
[28-Mar-2022 17:05:51 America/Mexico_City] PHP Notice:  Undefined index: solucion in C:\wamp64\www\GrupoLEA\controllers\SistemasController.php on line 54
[28-Mar-2022 17:05:51 America/Mexico_City] PHP Stack trace:
[28-Mar-2022 17:05:51 America/Mexico_City] PHP   1. {main}() C:\wamp64\www\GrupoLEA\index.php:0
[28-Mar-2022 17:05:51 America/Mexico_City] PHP   2. sistemasController->generarSolicitudServicio() C:\wamp64\www\GrupoLEA\index.php:28
[28-Mar-2022 17:05:54 America/Mexico_City] PHP Notice:  Undefined index: observaciones in C:\wamp64\www\GrupoLEA\controllers\SistemasController.php on line 53
[28-Mar-2022 17:05:54 America/Mexico_City] PHP Stack trace:
[28-Mar-2022 17:05:54 America/Mexico_City] PHP   1. {main}() C:\wamp64\www\GrupoLEA\index.php:0
[28-Mar-2022 17:05:54 America/Mexico_City] PHP   2. sistemasController->generarSolicitudServicio() C:\wamp64\www\GrupoLEA\index.php:28
[28-Mar-2022 17:05:54 America/Mexico_City] PHP Notice:  Undefined index: solucion in C:\wamp64\www\GrupoLEA\controllers\SistemasController.php on line 54
[28-Mar-2022 17:05:54 America/Mexico_City] PHP Stack trace:
[28-Mar-2022 17:05:54 America/Mexico_City] PHP   1. {main}() C:\wamp64\www\GrupoLEA\index.php:0
[28-Mar-2022 17:05:54 America/Mexico_City] PHP   2. sistemasController->generarSolicitudServicio() C:\wamp64\www\GrupoLEA\index.php:28
[28-Mar-2022 17:05:57 America/Mexico_City] PHP Notice:  Undefined index: observaciones in C:\wamp64\www\GrupoLEA\controllers\SistemasController.php on line 53
[28-Mar-2022 17:05:57 America/Mexico_City] PHP Stack trace:
[28-Mar-2022 17:05:57 America/Mexico_City] PHP   1. {main}() C:\wamp64\www\GrupoLEA\index.php:0
[28-Mar-2022 17:05:57 America/Mexico_City] PHP   2. sistemasController->generarSolicitudServicio() C:\wamp64\www\GrupoLEA\index.php:28
[28-Mar-2022 17:05:57 America/Mexico_City] PHP Notice:  Undefined index: solucion in C:\wamp64\www\GrupoLEA\controllers\SistemasController.php on line 54
[28-Mar-2022 17:05:57 America/Mexico_City] PHP Stack trace:
[28-Mar-2022 17:05:57 America/Mexico_City] PHP   1. {main}() C:\wamp64\www\GrupoLEA\index.php:0
[28-Mar-2022 17:05:57 America/Mexico_City] PHP   2. sistemasController->generarSolicitudServicio() C:\wamp64\www\GrupoLEA\index.php:28
[28-Mar-2022 17:06:00 America/Mexico_City] PHP Notice:  Undefined index: observaciones in C:\wamp64\www\GrupoLEA\controllers\SistemasController.php on line 53
[28-Mar-2022 17:06:00 America/Mexico_City] PHP Stack trace:
[28-Mar-2022 17:06:00 America/Mexico_City] PHP   1. {main}() C:\wamp64\www\GrupoLEA\index.php:0
[28-Mar-2022 17:06:00 America/Mexico_City] PHP   2. sistemasController->generarSolicitudServicio() C:\wamp64\www\GrupoLEA\index.php:28
[28-Mar-2022 17:06:00 America/Mexico_City] PHP Notice:  Undefined index: solucion in C:\wamp64\www\GrupoLEA\controllers\SistemasController.php on line 54
[28-Mar-2022 17:06:00 America/Mexico_City] PHP Stack trace:
[28-Mar-2022 17:06:00 America/Mexico_City] PHP   1. {main}() C:\wamp64\www\GrupoLEA\index.php:0
[28-Mar-2022 17:06:00 America/Mexico_City] PHP   2. sistemasController->generarSolicitudServicio() C:\wamp64\www\GrupoLEA\index.php:28
[28-Mar-2022 17:06:03 America/Mexico_City] PHP Notice:  Undefined index: observaciones in C:\wamp64\www\GrupoLEA\controllers\SistemasController.php on line 53
[28-Mar-2022 17:06:03 America/Mexico_City] PHP Stack trace:
[28-Mar-2022 17:06:03 America/Mexico_City] PHP   1. {main}() C:\wamp64\www\GrupoLEA\index.php:0
[28-Mar-2022 17:06:03 America/Mexico_City] PHP   2. sistemasController->generarSolicitudServicio() C:\wamp64\www\GrupoLEA\index.php:28
[28-Mar-2022 17:06:03 America/Mexico_City] PHP Notice:  Undefined index: solucion in C:\wamp64\www\GrupoLEA\controllers\SistemasController.php on line 54
[28-Mar-2022 17:06:03 America/Mexico_City] PHP Stack trace:
[28-Mar-2022 17:06:03 America/Mexico_City] PHP   1. {main}() C:\wamp64\www\GrupoLEA\index.php:0
[28-Mar-2022 17:06:03 America/Mexico_City] PHP   2. sistemasController->generarSolicitudServicio() C:\wamp64\www\GrupoLEA\index.php:28
[28-Mar-2022 17:06:05 America/Mexico_City] PHP Notice:  Undefined index: observaciones in C:\wamp64\www\GrupoLEA\controllers\SistemasController.php on line 53
[28-Mar-2022 17:06:05 America/Mexico_City] PHP Stack trace:
[28-Mar-2022 17:06:05 America/Mexico_City] PHP   1. {main}() C:\wamp64\www\GrupoLEA\index.php:0
[28-Mar-2022 17:06:05 America/Mexico_City] PHP   2. sistemasController->generarSolicitudServicio() C:\wamp64\www\GrupoLEA\index.php:28
[28-Mar-2022 17:06:05 America/Mexico_City] PHP Notice:  Undefined index: solucion in C:\wamp64\www\GrupoLEA\controllers\SistemasController.php on line 54
[28-Mar-2022 17:06:05 America/Mexico_City] PHP Stack trace:
[28-Mar-2022 17:06:05 America/Mexico_City] PHP   1. {main}() C:\wamp64\www\GrupoLEA\index.php:0
[28-Mar-2022 17:06:05 America/Mexico_City] PHP   2. sistemasController->generarSolicitudServicio() C:\wamp64\www\GrupoLEA\index.php:28
[28-Mar-2022 17:06:07 America/Mexico_City] PHP Notice:  Undefined index: observaciones in C:\wamp64\www\GrupoLEA\controllers\SistemasController.php on line 53
[28-Mar-2022 17:06:07 America/Mexico_City] PHP Stack trace:
[28-Mar-2022 17:06:07 America/Mexico_City] PHP   1. {main}() C:\wamp64\www\GrupoLEA\index.php:0
[28-Mar-2022 17:06:07 America/Mexico_City] PHP   2. sistemasController->generarSolicitudServicio() C:\wamp64\www\GrupoLEA\index.php:28
[28-Mar-2022 17:06:07 America/Mexico_City] PHP Notice:  Undefined index: solucion in C:\wamp64\www\GrupoLEA\controllers\SistemasController.php on line 54
[28-Mar-2022 17:06:07 America/Mexico_City] PHP Stack trace:
[28-Mar-2022 17:06:07 America/Mexico_City] PHP   1. {main}() C:\wamp64\www\GrupoLEA\index.php:0
[28-Mar-2022 17:06:07 America/Mexico_City] PHP   2. sistemasController->generarSolicitudServicio() C:\wamp64\www\GrupoLEA\index.php:28
[28-Mar-2022 17:06:10 America/Mexico_City] PHP Notice:  Undefined index: observaciones in C:\wamp64\www\GrupoLEA\controllers\SistemasController.php on line 53
[28-Mar-2022 17:06:10 America/Mexico_City] PHP Stack trace:
[28-Mar-2022 17:06:10 America/Mexico_City] PHP   1. {main}() C:\wamp64\www\GrupoLEA\index.php:0
[28-Mar-2022 17:06:10 America/Mexico_City] PHP   2. sistemasController->generarSolicitudServicio() C:\wamp64\www\GrupoLEA\index.php:28
[28-Mar-2022 17:06:10 America/Mexico_City] PHP Notice:  Undefined index: solucion in C:\wamp64\www\GrupoLEA\controllers\SistemasController.php on line 54
[28-Mar-2022 17:06:10 America/Mexico_City] PHP Stack trace:
[28-Mar-2022 17:06:10 America/Mexico_City] PHP   1. {main}() C:\wamp64\www\GrupoLEA\index.php:0
[28-Mar-2022 17:06:10 America/Mexico_City] PHP   2. sistemasController->generarSolicitudServicio() C:\wamp64\www\GrupoLEA\index.php:28
[28-Mar-2022 17:06:13 America/Mexico_City] PHP Notice:  Undefined index: observaciones in C:\wamp64\www\GrupoLEA\controllers\SistemasController.php on line 53
[28-Mar-2022 17:06:13 America/Mexico_City] PHP Stack trace:
[28-Mar-2022 17:06:13 America/Mexico_City] PHP   1. {main}() C:\wamp64\www\GrupoLEA\index.php:0
[28-Mar-2022 17:06:13 America/Mexico_City] PHP   2. sistemasController->generarSolicitudServicio() C:\wamp64\www\GrupoLEA\index.php:28
[28-Mar-2022 17:06:13 America/Mexico_City] PHP Notice:  Undefined index: solucion in C:\wamp64\www\GrupoLEA\controllers\SistemasController.php on line 54
[28-Mar-2022 17:06:13 America/Mexico_City] PHP Stack trace:
[28-Mar-2022 17:06:13 America/Mexico_City] PHP   1. {main}() C:\wamp64\www\GrupoLEA\index.php:0
[28-Mar-2022 17:06:13 America/Mexico_City] PHP   2. sistemasController->generarSolicitudServicio() C:\wamp64\www\GrupoLEA\index.php:28
[28-Mar-2022 17:06:15 America/Mexico_City] PHP Notice:  Undefined index: observaciones in C:\wamp64\www\GrupoLEA\controllers\SistemasController.php on line 53
[28-Mar-2022 17:06:15 America/Mexico_City] PHP Stack trace:
[28-Mar-2022 17:06:15 America/Mexico_City] PHP   1. {main}() C:\wamp64\www\GrupoLEA\index.php:0
[28-Mar-2022 17:06:15 America/Mexico_City] PHP   2. sistemasController->generarSolicitudServicio() C:\wamp64\www\GrupoLEA\index.php:28
[28-Mar-2022 17:06:15 America/Mexico_City] PHP Notice:  Undefined index: solucion in C:\wamp64\www\GrupoLEA\controllers\SistemasController.php on line 54
[28-Mar-2022 17:06:15 America/Mexico_City] PHP Stack trace:
[28-Mar-2022 17:06:15 America/Mexico_City] PHP   1. {main}() C:\wamp64\www\GrupoLEA\index.php:0
[28-Mar-2022 17:06:15 America/Mexico_City] PHP   2. sistemasController->generarSolicitudServicio() C:\wamp64\www\GrupoLEA\index.php:28
[28-Mar-2022 17:06:18 America/Mexico_City] PHP Notice:  Undefined index: observaciones in C:\wamp64\www\GrupoLEA\controllers\SistemasController.php on line 53
[28-Mar-2022 17:06:18 America/Mexico_City] PHP Stack trace:
[28-Mar-2022 17:06:18 America/Mexico_City] PHP   1. {main}() C:\wamp64\www\GrupoLEA\index.php:0
[28-Mar-2022 17:06:18 America/Mexico_City] PHP   2. sistemasController->generarSolicitudServicio() C:\wamp64\www\GrupoLEA\index.php:28
[28-Mar-2022 17:06:18 America/Mexico_City] PHP Notice:  Undefined index: solucion in C:\wamp64\www\GrupoLEA\controllers\SistemasController.php on line 54
[28-Mar-2022 17:06:18 America/Mexico_City] PHP Stack trace:
[28-Mar-2022 17:06:18 America/Mexico_City] PHP   1. {main}() C:\wamp64\www\GrupoLEA\index.php:0
[28-Mar-2022 17:06:18 America/Mexico_City] PHP   2. sistemasController->generarSolicitudServicio() C:\wamp64\www\GrupoLEA\index.php:28
[28-Mar-2022 17:06:21 America/Mexico_City] PHP Notice:  Undefined index: observaciones in C:\wamp64\www\GrupoLEA\controllers\SistemasController.php on line 53
[28-Mar-2022 17:06:21 America/Mexico_City] PHP Stack trace:
[28-Mar-2022 17:06:21 America/Mexico_City] PHP   1. {main}() C:\wamp64\www\GrupoLEA\index.php:0
[28-Mar-2022 17:06:21 America/Mexico_City] PHP   2. sistemasController->generarSolicitudServicio() C:\wamp64\www\GrupoLEA\index.php:28
[28-Mar-2022 17:06:21 America/Mexico_City] PHP Notice:  Undefined index: solucion in C:\wamp64\www\GrupoLEA\controllers\SistemasController.php on line 54
[28-Mar-2022 17:06:21 America/Mexico_City] PHP Stack trace:
[28-Mar-2022 17:06:21 America/Mexico_City] PHP   1. {main}() C:\wamp64\www\GrupoLEA\index.php:0
[28-Mar-2022 17:06:21 America/Mexico_City] PHP   2. sistemasController->generarSolicitudServicio() C:\wamp64\www\GrupoLEA\index.php:28
[28-Mar-2022 17:06:23 America/Mexico_City] PHP Notice:  Undefined index: observaciones in C:\wamp64\www\GrupoLEA\controllers\SistemasController.php on line 53
[28-Mar-2022 17:06:23 America/Mexico_City] PHP Stack trace:
[28-Mar-2022 17:06:23 America/Mexico_City] PHP   1. {main}() C:\wamp64\www\GrupoLEA\index.php:0
[28-Mar-2022 17:06:23 America/Mexico_City] PHP   2. sistemasController->generarSolicitudServicio() C:\wamp64\www\GrupoLEA\index.php:28
[28-Mar-2022 17:06:23 America/Mexico_City] PHP Notice:  Undefined index: solucion in C:\wamp64\www\GrupoLEA\controllers\SistemasController.php on line 54
[28-Mar-2022 17:06:23 America/Mexico_City] PHP Stack trace:
[28-Mar-2022 17:06:23 America/Mexico_City] PHP   1. {main}() C:\wamp64\www\GrupoLEA\index.php:0
[28-Mar-2022 17:06:23 America/Mexico_City] PHP   2. sistemasController->generarSolicitudServicio() C:\wamp64\www\GrupoLEA\index.php:28
[28-Mar-2022 17:06:26 America/Mexico_City] PHP Notice:  Undefined index: observaciones in C:\wamp64\www\GrupoLEA\controllers\SistemasController.php on line 53
[28-Mar-2022 17:06:26 America/Mexico_City] PHP Stack trace:
[28-Mar-2022 17:06:26 America/Mexico_City] PHP   1. {main}() C:\wamp64\www\GrupoLEA\index.php:0
[28-Mar-2022 17:06:26 America/Mexico_City] PHP   2. sistemasController->generarSolicitudServicio() C:\wamp64\www\GrupoLEA\index.php:28
[28-Mar-2022 17:06:26 America/Mexico_City] PHP Notice:  Undefined index: solucion in C:\wamp64\www\GrupoLEA\controllers\SistemasController.php on line 54
[28-Mar-2022 17:06:26 America/Mexico_City] PHP Stack trace:
[28-Mar-2022 17:06:26 America/Mexico_City] PHP   1. {main}() C:\wamp64\www\GrupoLEA\index.php:0
[28-Mar-2022 17:06:26 America/Mexico_City] PHP   2. sistemasController->generarSolicitudServicio() C:\wamp64\www\GrupoLEA\index.php:28
[28-Mar-2022 17:24:40 America/Mexico_City] PHP Notice:  Undefined index: observaciones in C:\wamp64\www\GrupoLEA\controllers\SistemasController.php on line 53
[28-Mar-2022 17:24:40 America/Mexico_City] PHP Stack trace:
[28-Mar-2022 17:24:40 America/Mexico_City] PHP   1. {main}() C:\wamp64\www\GrupoLEA\index.php:0
[28-Mar-2022 17:24:40 America/Mexico_City] PHP   2. sistemasController->generarSolicitudServicio() C:\wamp64\www\GrupoLEA\index.php:28
[28-Mar-2022 17:24:40 America/Mexico_City] PHP Notice:  Undefined index: solucion in C:\wamp64\www\GrupoLEA\controllers\SistemasController.php on line 54
[28-Mar-2022 17:24:40 America/Mexico_City] PHP Stack trace:
[28-Mar-2022 17:24:40 America/Mexico_City] PHP   1. {main}() C:\wamp64\www\GrupoLEA\index.php:0
[28-Mar-2022 17:24:40 America/Mexico_City] PHP   2. sistemasController->generarSolicitudServicio() C:\wamp64\www\GrupoLEA\index.php:28
[28-Mar-2022 17:25:55 America/Mexico_City] PHP Notice:  Undefined index: empresa in C:\wamp64\www\GrupoLEA\controllers\SistemasController.php on line 48
[28-Mar-2022 17:25:55 America/Mexico_City] PHP Stack trace:
[28-Mar-2022 17:25:55 America/Mexico_City] PHP   1. {main}() C:\wamp64\www\GrupoLEA\views\principal\index.php:0
[28-Mar-2022 17:25:55 America/Mexico_City] PHP   2. llamarController() C:\wamp64\www\GrupoLEA\views\principal\index.php:13
[28-Mar-2022 17:25:55 America/Mexico_City] PHP   3. sistemasController->generarSolicitudServicio() C:\wamp64\www\GrupoLEA\views\principal\index.php:40
[28-Mar-2022 17:25:55 America/Mexico_City] PHP Notice:  Undefined index: observaciones in C:\wamp64\www\GrupoLEA\controllers\SistemasController.php on line 53
[28-Mar-2022 17:25:55 America/Mexico_City] PHP Stack trace:
[28-Mar-2022 17:25:55 America/Mexico_City] PHP   1. {main}() C:\wamp64\www\GrupoLEA\views\principal\index.php:0
[28-Mar-2022 17:25:55 America/Mexico_City] PHP   2. llamarController() C:\wamp64\www\GrupoLEA\views\principal\index.php:13
[28-Mar-2022 17:25:55 America/Mexico_City] PHP   3. sistemasController->generarSolicitudServicio() C:\wamp64\www\GrupoLEA\views\principal\index.php:40
[28-Mar-2022 17:25:55 America/Mexico_City] PHP Notice:  Undefined index: solucion in C:\wamp64\www\GrupoLEA\controllers\SistemasController.php on line 54
[28-Mar-2022 17:25:55 America/Mexico_City] PHP Stack trace:
[28-Mar-2022 17:25:55 America/Mexico_City] PHP   1. {main}() C:\wamp64\www\GrupoLEA\views\principal\index.php:0
[28-Mar-2022 17:25:55 America/Mexico_City] PHP   2. llamarController() C:\wamp64\www\GrupoLEA\views\principal\index.php:13
[28-Mar-2022 17:25:55 America/Mexico_City] PHP   3. sistemasController->generarSolicitudServicio() C:\wamp64\www\GrupoLEA\views\principal\index.php:40
[28-Mar-2022 17:29:42 America/Mexico_City] PHP Notice:  Undefined index: observaciones in C:\wamp64\www\GrupoLEA\controllers\SistemasController.php on line 53
[28-Mar-2022 17:29:42 America/Mexico_City] PHP Stack trace:
[28-Mar-2022 17:29:42 America/Mexico_City] PHP   1. {main}() C:\wamp64\www\GrupoLEA\views\principal\index.php:0
[28-Mar-2022 17:29:42 America/Mexico_City] PHP   2. llamarController() C:\wamp64\www\GrupoLEA\views\principal\index.php:13
[28-Mar-2022 17:29:42 America/Mexico_City] PHP   3. sistemasController->generarSolicitudServicio() C:\wamp64\www\GrupoLEA\views\principal\index.php:40
[28-Mar-2022 17:29:42 America/Mexico_City] PHP Notice:  Undefined index: solucion in C:\wamp64\www\GrupoLEA\controllers\SistemasController.php on line 54
[28-Mar-2022 17:29:42 America/Mexico_City] PHP Stack trace:
[28-Mar-2022 17:29:42 America/Mexico_City] PHP   1. {main}() C:\wamp64\www\GrupoLEA\views\principal\index.php:0
[28-Mar-2022 17:29:42 America/Mexico_City] PHP   2. llamarController() C:\wamp64\www\GrupoLEA\views\principal\index.php:13
[28-Mar-2022 17:29:42 America/Mexico_City] PHP   3. sistemasController->generarSolicitudServicio() C:\wamp64\www\GrupoLEA\views\principal\index.php:40
[28-Mar-2022 17:32:55 America/Mexico_City] PHP Notice:  Undefined index: observaciones in C:\wamp64\www\GrupoLEA\controllers\SistemasController.php on line 53
[28-Mar-2022 17:32:55 America/Mexico_City] PHP Stack trace:
[28-Mar-2022 17:32:55 America/Mexico_City] PHP   1. {main}() C:\wamp64\www\GrupoLEA\views\principal\index.php:0
[28-Mar-2022 17:32:55 America/Mexico_City] PHP   2. llamarController() C:\wamp64\www\GrupoLEA\views\principal\index.php:13
[28-Mar-2022 17:32:55 America/Mexico_City] PHP   3. sistemasController->generarSolicitudServicio() C:\wamp64\www\GrupoLEA\views\principal\index.php:40
[28-Mar-2022 17:32:55 America/Mexico_City] PHP Notice:  Undefined index: solucion in C:\wamp64\www\GrupoLEA\controllers\SistemasController.php on line 54
[28-Mar-2022 17:32:55 America/Mexico_City] PHP Stack trace:
[28-Mar-2022 17:32:55 America/Mexico_City] PHP   1. {main}() C:\wamp64\www\GrupoLEA\views\principal\index.php:0
[28-Mar-2022 17:32:55 America/Mexico_City] PHP   2. llamarController() C:\wamp64\www\GrupoLEA\views\principal\index.php:13
[28-Mar-2022 17:32:55 America/Mexico_City] PHP   3. sistemasController->generarSolicitudServicio() C:\wamp64\www\GrupoLEA\views\principal\index.php:40
[28-Mar-2022 17:50:41 America/Mexico_City] PHP Notice:  Undefined index: observaciones in C:\wamp64\www\GrupoLEA\controllers\SistemasController.php on line 53
[28-Mar-2022 17:50:41 America/Mexico_City] PHP Stack trace:
[28-Mar-2022 17:50:41 America/Mexico_City] PHP   1. {main}() C:\wamp64\www\GrupoLEA\views\principal\index.php:0
[28-Mar-2022 17:50:41 America/Mexico_City] PHP   2. llamarController() C:\wamp64\www\GrupoLEA\views\principal\index.php:13
[28-Mar-2022 17:50:41 America/Mexico_City] PHP   3. sistemasController->generarSolicitudServicio() C:\wamp64\www\GrupoLEA\views\principal\index.php:40
[28-Mar-2022 17:50:41 America/Mexico_City] PHP Notice:  Undefined index: solucion in C:\wamp64\www\GrupoLEA\controllers\SistemasController.php on line 54
[28-Mar-2022 17:50:41 America/Mexico_City] PHP Stack trace:
[28-Mar-2022 17:50:41 America/Mexico_City] PHP   1. {main}() C:\wamp64\www\GrupoLEA\views\principal\index.php:0
[28-Mar-2022 17:50:41 America/Mexico_City] PHP   2. llamarController() C:\wamp64\www\GrupoLEA\views\principal\index.php:13
[28-Mar-2022 17:50:41 America/Mexico_City] PHP   3. sistemasController->generarSolicitudServicio() C:\wamp64\www\GrupoLEA\views\principal\index.php:40
[28-Mar-2022 17:59:44 America/Mexico_City] PHP Notice:  Undefined index: observaciones in C:\wamp64\www\GrupoLEA\controllers\SistemasController.php on line 53
[28-Mar-2022 17:59:44 America/Mexico_City] PHP Stack trace:
[28-Mar-2022 17:59:44 America/Mexico_City] PHP   1. {main}() C:\wamp64\www\GrupoLEA\views\principal\index.php:0
[28-Mar-2022 17:59:44 America/Mexico_City] PHP   2. llamarController() C:\wamp64\www\GrupoLEA\views\principal\index.php:13
[28-Mar-2022 17:59:44 America/Mexico_City] PHP   3. sistemasController->generarSolicitudServicio() C:\wamp64\www\GrupoLEA\views\principal\index.php:40
[28-Mar-2022 17:59:44 America/Mexico_City] PHP Notice:  Undefined index: solucion in C:\wamp64\www\GrupoLEA\controllers\SistemasController.php on line 54
[28-Mar-2022 17:59:44 America/Mexico_City] PHP Stack trace:
[28-Mar-2022 17:59:44 America/Mexico_City] PHP   1. {main}() C:\wamp64\www\GrupoLEA\views\principal\index.php:0
[28-Mar-2022 17:59:44 America/Mexico_City] PHP   2. llamarController() C:\wamp64\www\GrupoLEA\views\principal\index.php:13
[28-Mar-2022 17:59:44 America/Mexico_City] PHP   3. sistemasController->generarSolicitudServicio() C:\wamp64\www\GrupoLEA\views\principal\index.php:40
[28-Mar-2022 18:01:31 America/Mexico_City] PHP Notice:  Undefined index: observaciones in C:\wamp64\www\GrupoLEA\controllers\SistemasController.php on line 53
[28-Mar-2022 18:01:31 America/Mexico_City] PHP Stack trace:
[28-Mar-2022 18:01:31 America/Mexico_City] PHP   1. {main}() C:\wamp64\www\GrupoLEA\views\principal\index.php:0
[28-Mar-2022 18:01:31 America/Mexico_City] PHP   2. llamarController() C:\wamp64\www\GrupoLEA\views\principal\index.php:13
[28-Mar-2022 18:01:31 America/Mexico_City] PHP   3. sistemasController->generarSolicitudServicio() C:\wamp64\www\GrupoLEA\views\principal\index.php:40
[28-Mar-2022 18:01:31 America/Mexico_City] PHP Notice:  Undefined index: solucion in C:\wamp64\www\GrupoLEA\controllers\SistemasController.php on line 54
[28-Mar-2022 18:01:31 America/Mexico_City] PHP Stack trace:
[28-Mar-2022 18:01:31 America/Mexico_City] PHP   1. {main}() C:\wamp64\www\GrupoLEA\views\principal\index.php:0
[28-Mar-2022 18:01:31 America/Mexico_City] PHP   2. llamarController() C:\wamp64\www\GrupoLEA\views\principal\index.php:13
[28-Mar-2022 18:01:31 America/Mexico_City] PHP   3. sistemasController->generarSolicitudServicio() C:\wamp64\www\GrupoLEA\views\principal\index.php:40
[28-Mar-2022 18:02:11 America/Mexico_City] PHP Notice:  Undefined index: observaciones in C:\wamp64\www\GrupoLEA\controllers\SistemasController.php on line 53
[28-Mar-2022 18:02:11 America/Mexico_City] PHP Stack trace:
[28-Mar-2022 18:02:11 America/Mexico_City] PHP   1. {main}() C:\wamp64\www\GrupoLEA\views\principal\index.php:0
[28-Mar-2022 18:02:11 America/Mexico_City] PHP   2. llamarController() C:\wamp64\www\GrupoLEA\views\principal\index.php:13
[28-Mar-2022 18:02:11 America/Mexico_City] PHP   3. sistemasController->generarSolicitudServicio() C:\wamp64\www\GrupoLEA\views\principal\index.php:40
[28-Mar-2022 18:02:11 America/Mexico_City] PHP Notice:  Undefined index: solucion in C:\wamp64\www\GrupoLEA\controllers\SistemasController.php on line 54
[28-Mar-2022 18:02:11 America/Mexico_City] PHP Stack trace:
[28-Mar-2022 18:02:11 America/Mexico_City] PHP   1. {main}() C:\wamp64\www\GrupoLEA\views\principal\index.php:0
[28-Mar-2022 18:02:11 America/Mexico_City] PHP   2. llamarController() C:\wamp64\www\GrupoLEA\views\principal\index.php:13
[28-Mar-2022 18:02:11 America/Mexico_City] PHP   3. sistemasController->generarSolicitudServicio() C:\wamp64\www\GrupoLEA\views\principal\index.php:40
[28-Mar-2022 18:03:15 America/Mexico_City] PHP Notice:  Undefined index: observaciones in C:\wamp64\www\GrupoLEA\controllers\SistemasController.php on line 53
[28-Mar-2022 18:03:15 America/Mexico_City] PHP Stack trace:
[28-Mar-2022 18:03:15 America/Mexico_City] PHP   1. {main}() C:\wamp64\www\GrupoLEA\views\principal\index.php:0
[28-Mar-2022 18:03:15 America/Mexico_City] PHP   2. llamarController() C:\wamp64\www\GrupoLEA\views\principal\index.php:13
[28-Mar-2022 18:03:15 America/Mexico_City] PHP   3. sistemasController->generarSolicitudServicio() C:\wamp64\www\GrupoLEA\views\principal\index.php:40
[28-Mar-2022 18:03:15 America/Mexico_City] PHP Notice:  Undefined index: solucion in C:\wamp64\www\GrupoLEA\controllers\SistemasController.php on line 54
[28-Mar-2022 18:03:15 America/Mexico_City] PHP Stack trace:
[28-Mar-2022 18:03:15 America/Mexico_City] PHP   1. {main}() C:\wamp64\www\GrupoLEA\views\principal\index.php:0
[28-Mar-2022 18:03:15 America/Mexico_City] PHP   2. llamarController() C:\wamp64\www\GrupoLEA\views\principal\index.php:13
[28-Mar-2022 18:03:15 America/Mexico_City] PHP   3. sistemasController->generarSolicitudServicio() C:\wamp64\www\GrupoLEA\views\principal\index.php:40
