[03-Oct-2022 16:04:40 America/Mexico_City] PHP Notice:  Trying to get property 'num_rows' of non-object in C:\wamp64\www\GrupoLEA\models\compras\orden_compra.php on line 249
[03-Oct-2022 16:04:40 America/Mexico_City] PHP Stack trace:
[03-Oct-2022 16:04:40 America/Mexico_City] PHP   1. {main}() C:\wamp64\www\GrupoLEA\index.php:0
[03-Oct-2022 16:04:40 America/Mexico_City] PHP   2. comprasController->recepcionCompras() C:\wamp64\www\GrupoLEA\index.php:28
[03-Oct-2022 16:04:40 America/Mexico_City] PHP   3. OrdenCompra->getById() C:\wamp64\www\GrupoLEA\controllers\ComprasController.php:900
[03-Oct-2022 16:04:40 America/Mexico_City] PHP Notice:  Trying to get property 'requisicion_id' of non-object in C:\wamp64\www\GrupoLEA\controllers\ComprasController.php on line 902
[03-Oct-2022 16:04:40 America/Mexico_City] PHP Stack trace:
[03-Oct-2022 16:04:40 America/Mexico_City] PHP   1. {main}() C:\wamp64\www\GrupoLEA\index.php:0
[03-Oct-2022 16:04:40 America/Mexico_City] PHP   2. comprasController->recepcionCompras() C:\wamp64\www\GrupoLEA\index.php:28
[03-Oct-2022 16:04:40 America/Mexico_City] PHP Notice:  Undefined offset: 0 in C:\wamp64\www\GrupoLEA\models\compras\requisicion.php on line 411
[03-Oct-2022 16:04:40 America/Mexico_City] PHP Stack trace:
[03-Oct-2022 16:04:40 America/Mexico_City] PHP   1. {main}() C:\wamp64\www\GrupoLEA\index.php:0
[03-Oct-2022 16:04:40 America/Mexico_City] PHP   2. comprasController->recepcionCompras() C:\wamp64\www\GrupoLEA\index.php:28
[03-Oct-2022 16:04:40 America/Mexico_City] PHP   3. Requisicion->getReqById($id = NULL) C:\wamp64\www\GrupoLEA\controllers\ComprasController.php:902
[03-Oct-2022 16:04:40 America/Mexico_City] PHP Notice:  Trying to access array offset on value of type null in C:\wamp64\www\GrupoLEA\controllers\ComprasController.php on line 904
[03-Oct-2022 16:04:40 America/Mexico_City] PHP Stack trace:
[03-Oct-2022 16:04:40 America/Mexico_City] PHP   1. {main}() C:\wamp64\www\GrupoLEA\index.php:0
[03-Oct-2022 16:04:40 America/Mexico_City] PHP   2. comprasController->recepcionCompras() C:\wamp64\www\GrupoLEA\index.php:28
[03-Oct-2022 16:04:40 America/Mexico_City] PHP Notice:  Undefined offset: 0 in C:\wamp64\www\GrupoLEA\controllers\ComprasController.php on line 904
[03-Oct-2022 16:04:40 America/Mexico_City] PHP Stack trace:
[03-Oct-2022 16:04:40 America/Mexico_City] PHP   1. {main}() C:\wamp64\www\GrupoLEA\index.php:0
[03-Oct-2022 16:04:40 America/Mexico_City] PHP   2. comprasController->recepcionCompras() C:\wamp64\www\GrupoLEA\index.php:28
[03-Oct-2022 16:04:40 America/Mexico_City] PHP Notice:  Trying to access array offset on value of type null in C:\wamp64\www\GrupoLEA\controllers\ComprasController.php on line 906
[03-Oct-2022 16:04:40 America/Mexico_City] PHP Stack trace:
[03-Oct-2022 16:04:40 America/Mexico_City] PHP   1. {main}() C:\wamp64\www\GrupoLEA\index.php:0
[03-Oct-2022 16:04:40 America/Mexico_City] PHP   2. comprasController->recepcionCompras() C:\wamp64\www\GrupoLEA\index.php:28
[03-Oct-2022 16:04:40 America/Mexico_City] PHP Warning:  Invalid argument supplied for foreach() in C:\wamp64\www\GrupoLEA\controllers\ComprasController.php on line 906
[03-Oct-2022 16:04:40 America/Mexico_City] PHP Stack trace:
[03-Oct-2022 16:04:40 America/Mexico_City] PHP   1. {main}() C:\wamp64\www\GrupoLEA\index.php:0
[03-Oct-2022 16:04:40 America/Mexico_City] PHP   2. comprasController->recepcionCompras() C:\wamp64\www\GrupoLEA\index.php:28
[03-Oct-2022 16:04:40 America/Mexico_City] PHP Notice:  Trying to access array offset on value of type null in C:\wamp64\www\GrupoLEA\controllers\ComprasController.php on line 912
[03-Oct-2022 16:04:40 America/Mexico_City] PHP Stack trace:
[03-Oct-2022 16:04:40 America/Mexico_City] PHP   1. {main}() C:\wamp64\www\GrupoLEA\index.php:0
[03-Oct-2022 16:04:40 America/Mexico_City] PHP   2. comprasController->recepcionCompras() C:\wamp64\www\GrupoLEA\index.php:28
[03-Oct-2022 16:04:40 America/Mexico_City] PHP Notice:  Trying to access array offset on value of type null in C:\wamp64\www\GrupoLEA\views\compras\recepcion_compras.php on line 33
[03-Oct-2022 16:04:40 America/Mexico_City] PHP Stack trace:
[03-Oct-2022 16:04:40 America/Mexico_City] PHP   1. {main}() C:\wamp64\www\GrupoLEA\index.php:0
[03-Oct-2022 16:04:40 America/Mexico_City] PHP   2. comprasController->recepcionCompras() C:\wamp64\www\GrupoLEA\index.php:28
[03-Oct-2022 16:04:40 America/Mexico_City] PHP   3. require_once() C:\wamp64\www\GrupoLEA\controllers\ComprasController.php:954
[03-Oct-2022 16:04:40 America/Mexico_City] PHP Notice:  Trying to access array offset on value of type null in C:\wamp64\www\GrupoLEA\views\compras\recepcion_compras.php on line 33
[03-Oct-2022 16:04:40 America/Mexico_City] PHP Stack trace:
[03-Oct-2022 16:04:40 America/Mexico_City] PHP   1. {main}() C:\wamp64\www\GrupoLEA\index.php:0
[03-Oct-2022 16:04:40 America/Mexico_City] PHP   2. comprasController->recepcionCompras() C:\wamp64\www\GrupoLEA\index.php:28
[03-Oct-2022 16:04:40 America/Mexico_City] PHP   3. require_once() C:\wamp64\www\GrupoLEA\controllers\ComprasController.php:954
[03-Oct-2022 16:04:40 America/Mexico_City] PHP Notice:  Trying to get property 'folio' of non-object in C:\wamp64\www\GrupoLEA\views\compras\recepcion_compras.php on line 34
[03-Oct-2022 16:04:40 America/Mexico_City] PHP Stack trace:
[03-Oct-2022 16:04:40 America/Mexico_City] PHP   1. {main}() C:\wamp64\www\GrupoLEA\index.php:0
[03-Oct-2022 16:04:40 America/Mexico_City] PHP   2. comprasController->recepcionCompras() C:\wamp64\www\GrupoLEA\index.php:28
[03-Oct-2022 16:04:40 America/Mexico_City] PHP   3. require_once() C:\wamp64\www\GrupoLEA\controllers\ComprasController.php:954
[03-Oct-2022 16:04:40 America/Mexico_City] PHP Notice:  Trying to access array offset on value of type null in C:\wamp64\www\GrupoLEA\views\compras\recepcion_compras.php on line 42
[03-Oct-2022 16:04:40 America/Mexico_City] PHP Stack trace:
[03-Oct-2022 16:04:40 America/Mexico_City] PHP   1. {main}() C:\wamp64\www\GrupoLEA\index.php:0
[03-Oct-2022 16:04:40 America/Mexico_City] PHP   2. comprasController->recepcionCompras() C:\wamp64\www\GrupoLEA\index.php:28
[03-Oct-2022 16:04:40 America/Mexico_City] PHP   3. require_once() C:\wamp64\www\GrupoLEA\controllers\ComprasController.php:954
[03-Oct-2022 16:23:01 America/Mexico_City] PHP Notice:  Trying to get property 'num_rows' of non-object in C:\wamp64\www\GrupoLEA\models\compras\orden_compra.php on line 249
[03-Oct-2022 16:23:01 America/Mexico_City] PHP Stack trace:
[03-Oct-2022 16:23:01 America/Mexico_City] PHP   1. {main}() C:\wamp64\www\GrupoLEA\index.php:0
[03-Oct-2022 16:23:01 America/Mexico_City] PHP   2. comprasController->recepcionCompras() C:\wamp64\www\GrupoLEA\index.php:28
[03-Oct-2022 16:23:01 America/Mexico_City] PHP   3. OrdenCompra->getById() C:\wamp64\www\GrupoLEA\controllers\ComprasController.php:900
[03-Oct-2022 16:23:01 America/Mexico_City] PHP Notice:  Trying to get property 'requisicion_id' of non-object in C:\wamp64\www\GrupoLEA\controllers\ComprasController.php on line 902
[03-Oct-2022 16:23:01 America/Mexico_City] PHP Stack trace:
[03-Oct-2022 16:23:01 America/Mexico_City] PHP   1. {main}() C:\wamp64\www\GrupoLEA\index.php:0
[03-Oct-2022 16:23:01 America/Mexico_City] PHP   2. comprasController->recepcionCompras() C:\wamp64\www\GrupoLEA\index.php:28
[03-Oct-2022 16:23:01 America/Mexico_City] PHP Notice:  Undefined offset: 0 in C:\wamp64\www\GrupoLEA\models\compras\requisicion.php on line 411
[03-Oct-2022 16:23:01 America/Mexico_City] PHP Stack trace:
[03-Oct-2022 16:23:01 America/Mexico_City] PHP   1. {main}() C:\wamp64\www\GrupoLEA\index.php:0
[03-Oct-2022 16:23:01 America/Mexico_City] PHP   2. comprasController->recepcionCompras() C:\wamp64\www\GrupoLEA\index.php:28
[03-Oct-2022 16:23:01 America/Mexico_City] PHP   3. Requisicion->getReqById($id = NULL) C:\wamp64\www\GrupoLEA\controllers\ComprasController.php:902
[03-Oct-2022 16:23:01 America/Mexico_City] PHP Notice:  Trying to access array offset on value of type null in C:\wamp64\www\GrupoLEA\controllers\ComprasController.php on line 904
[03-Oct-2022 16:23:01 America/Mexico_City] PHP Stack trace:
[03-Oct-2022 16:23:01 America/Mexico_City] PHP   1. {main}() C:\wamp64\www\GrupoLEA\index.php:0
[03-Oct-2022 16:23:01 America/Mexico_City] PHP   2. comprasController->recepcionCompras() C:\wamp64\www\GrupoLEA\index.php:28
[03-Oct-2022 16:23:01 America/Mexico_City] PHP Notice:  Undefined offset: 0 in C:\wamp64\www\GrupoLEA\controllers\ComprasController.php on line 904
[03-Oct-2022 16:23:01 America/Mexico_City] PHP Stack trace:
[03-Oct-2022 16:23:01 America/Mexico_City] PHP   1. {main}() C:\wamp64\www\GrupoLEA\index.php:0
[03-Oct-2022 16:23:01 America/Mexico_City] PHP   2. comprasController->recepcionCompras() C:\wamp64\www\GrupoLEA\index.php:28
[03-Oct-2022 16:23:01 America/Mexico_City] PHP Notice:  Trying to access array offset on value of type null in C:\wamp64\www\GrupoLEA\controllers\ComprasController.php on line 906
[03-Oct-2022 16:23:01 America/Mexico_City] PHP Stack trace:
[03-Oct-2022 16:23:01 America/Mexico_City] PHP   1. {main}() C:\wamp64\www\GrupoLEA\index.php:0
[03-Oct-2022 16:23:01 America/Mexico_City] PHP   2. comprasController->recepcionCompras() C:\wamp64\www\GrupoLEA\index.php:28
[03-Oct-2022 16:23:01 America/Mexico_City] PHP Warning:  Invalid argument supplied for foreach() in C:\wamp64\www\GrupoLEA\controllers\ComprasController.php on line 906
[03-Oct-2022 16:23:01 America/Mexico_City] PHP Stack trace:
[03-Oct-2022 16:23:01 America/Mexico_City] PHP   1. {main}() C:\wamp64\www\GrupoLEA\index.php:0
[03-Oct-2022 16:23:01 America/Mexico_City] PHP   2. comprasController->recepcionCompras() C:\wamp64\www\GrupoLEA\index.php:28
[03-Oct-2022 16:23:01 America/Mexico_City] PHP Notice:  Trying to access array offset on value of type null in C:\wamp64\www\GrupoLEA\controllers\ComprasController.php on line 912
[03-Oct-2022 16:23:01 America/Mexico_City] PHP Stack trace:
[03-Oct-2022 16:23:01 America/Mexico_City] PHP   1. {main}() C:\wamp64\www\GrupoLEA\index.php:0
[03-Oct-2022 16:23:01 America/Mexico_City] PHP   2. comprasController->recepcionCompras() C:\wamp64\www\GrupoLEA\index.php:28
[03-Oct-2022 16:23:01 America/Mexico_City] PHP Notice:  Trying to access array offset on value of type null in C:\wamp64\www\GrupoLEA\views\compras\recepcion_compras.php on line 33
[03-Oct-2022 16:23:01 America/Mexico_City] PHP Stack trace:
[03-Oct-2022 16:23:01 America/Mexico_City] PHP   1. {main}() C:\wamp64\www\GrupoLEA\index.php:0
[03-Oct-2022 16:23:01 America/Mexico_City] PHP   2. comprasController->recepcionCompras() C:\wamp64\www\GrupoLEA\index.php:28
[03-Oct-2022 16:23:01 America/Mexico_City] PHP   3. require_once() C:\wamp64\www\GrupoLEA\controllers\ComprasController.php:954
[03-Oct-2022 16:23:01 America/Mexico_City] PHP Notice:  Trying to access array offset on value of type null in C:\wamp64\www\GrupoLEA\views\compras\recepcion_compras.php on line 33
[03-Oct-2022 16:23:01 America/Mexico_City] PHP Stack trace:
[03-Oct-2022 16:23:01 America/Mexico_City] PHP   1. {main}() C:\wamp64\www\GrupoLEA\index.php:0
[03-Oct-2022 16:23:01 America/Mexico_City] PHP   2. comprasController->recepcionCompras() C:\wamp64\www\GrupoLEA\index.php:28
[03-Oct-2022 16:23:01 America/Mexico_City] PHP   3. require_once() C:\wamp64\www\GrupoLEA\controllers\ComprasController.php:954
[03-Oct-2022 16:23:01 America/Mexico_City] PHP Notice:  Trying to get property 'folio' of non-object in C:\wamp64\www\GrupoLEA\views\compras\recepcion_compras.php on line 34
[03-Oct-2022 16:23:01 America/Mexico_City] PHP Stack trace:
[03-Oct-2022 16:23:01 America/Mexico_City] PHP   1. {main}() C:\wamp64\www\GrupoLEA\index.php:0
[03-Oct-2022 16:23:01 America/Mexico_City] PHP   2. comprasController->recepcionCompras() C:\wamp64\www\GrupoLEA\index.php:28
[03-Oct-2022 16:23:01 America/Mexico_City] PHP   3. require_once() C:\wamp64\www\GrupoLEA\controllers\ComprasController.php:954
[03-Oct-2022 16:23:01 America/Mexico_City] PHP Notice:  Trying to access array offset on value of type null in C:\wamp64\www\GrupoLEA\views\compras\recepcion_compras.php on line 42
[03-Oct-2022 16:23:01 America/Mexico_City] PHP Stack trace:
[03-Oct-2022 16:23:01 America/Mexico_City] PHP   1. {main}() C:\wamp64\www\GrupoLEA\index.php:0
[03-Oct-2022 16:23:01 America/Mexico_City] PHP   2. comprasController->recepcionCompras() C:\wamp64\www\GrupoLEA\index.php:28
[03-Oct-2022 16:23:01 America/Mexico_City] PHP   3. require_once() C:\wamp64\www\GrupoLEA\controllers\ComprasController.php:954
[03-Oct-2022 16:23:13 America/Mexico_City] PHP Notice:  Trying to get property 'num_rows' of non-object in C:\wamp64\www\GrupoLEA\models\compras\orden_compra.php on line 249
[03-Oct-2022 16:23:13 America/Mexico_City] PHP Stack trace:
[03-Oct-2022 16:23:13 America/Mexico_City] PHP   1. {main}() C:\wamp64\www\GrupoLEA\index.php:0
[03-Oct-2022 16:23:13 America/Mexico_City] PHP   2. comprasController->recepcionCompras() C:\wamp64\www\GrupoLEA\index.php:28
[03-Oct-2022 16:23:13 America/Mexico_City] PHP   3. OrdenCompra->getById() C:\wamp64\www\GrupoLEA\controllers\ComprasController.php:900
[03-Oct-2022 16:23:13 America/Mexico_City] PHP Notice:  Trying to get property 'requisicion_id' of non-object in C:\wamp64\www\GrupoLEA\controllers\ComprasController.php on line 902
[03-Oct-2022 16:23:13 America/Mexico_City] PHP Stack trace:
[03-Oct-2022 16:23:13 America/Mexico_City] PHP   1. {main}() C:\wamp64\www\GrupoLEA\index.php:0
[03-Oct-2022 16:23:13 America/Mexico_City] PHP   2. comprasController->recepcionCompras() C:\wamp64\www\GrupoLEA\index.php:28
[03-Oct-2022 16:23:13 America/Mexico_City] PHP Notice:  Undefined offset: 0 in C:\wamp64\www\GrupoLEA\models\compras\requisicion.php on line 411
[03-Oct-2022 16:23:13 America/Mexico_City] PHP Stack trace:
[03-Oct-2022 16:23:13 America/Mexico_City] PHP   1. {main}() C:\wamp64\www\GrupoLEA\index.php:0
[03-Oct-2022 16:23:13 America/Mexico_City] PHP   2. comprasController->recepcionCompras() C:\wamp64\www\GrupoLEA\index.php:28
[03-Oct-2022 16:23:13 America/Mexico_City] PHP   3. Requisicion->getReqById($id = NULL) C:\wamp64\www\GrupoLEA\controllers\ComprasController.php:902
[03-Oct-2022 16:23:13 America/Mexico_City] PHP Notice:  Trying to access array offset on value of type null in C:\wamp64\www\GrupoLEA\controllers\ComprasController.php on line 904
[03-Oct-2022 16:23:13 America/Mexico_City] PHP Stack trace:
[03-Oct-2022 16:23:13 America/Mexico_City] PHP   1. {main}() C:\wamp64\www\GrupoLEA\index.php:0
[03-Oct-2022 16:23:13 America/Mexico_City] PHP   2. comprasController->recepcionCompras() C:\wamp64\www\GrupoLEA\index.php:28
[03-Oct-2022 16:23:13 America/Mexico_City] PHP Notice:  Undefined offset: 0 in C:\wamp64\www\GrupoLEA\controllers\ComprasController.php on line 904
[03-Oct-2022 16:23:13 America/Mexico_City] PHP Stack trace:
[03-Oct-2022 16:23:13 America/Mexico_City] PHP   1. {main}() C:\wamp64\www\GrupoLEA\index.php:0
[03-Oct-2022 16:23:13 America/Mexico_City] PHP   2. comprasController->recepcionCompras() C:\wamp64\www\GrupoLEA\index.php:28
[03-Oct-2022 16:23:13 America/Mexico_City] PHP Notice:  Trying to access array offset on value of type null in C:\wamp64\www\GrupoLEA\controllers\ComprasController.php on line 906
[03-Oct-2022 16:23:13 America/Mexico_City] PHP Stack trace:
[03-Oct-2022 16:23:13 America/Mexico_City] PHP   1. {main}() C:\wamp64\www\GrupoLEA\index.php:0
[03-Oct-2022 16:23:13 America/Mexico_City] PHP   2. comprasController->recepcionCompras() C:\wamp64\www\GrupoLEA\index.php:28
[03-Oct-2022 16:23:13 America/Mexico_City] PHP Warning:  Invalid argument supplied for foreach() in C:\wamp64\www\GrupoLEA\controllers\ComprasController.php on line 906
[03-Oct-2022 16:23:13 America/Mexico_City] PHP Stack trace:
[03-Oct-2022 16:23:13 America/Mexico_City] PHP   1. {main}() C:\wamp64\www\GrupoLEA\index.php:0
[03-Oct-2022 16:23:13 America/Mexico_City] PHP   2. comprasController->recepcionCompras() C:\wamp64\www\GrupoLEA\index.php:28
[03-Oct-2022 16:23:13 America/Mexico_City] PHP Notice:  Trying to access array offset on value of type null in C:\wamp64\www\GrupoLEA\controllers\ComprasController.php on line 912
[03-Oct-2022 16:23:13 America/Mexico_City] PHP Stack trace:
[03-Oct-2022 16:23:13 America/Mexico_City] PHP   1. {main}() C:\wamp64\www\GrupoLEA\index.php:0
[03-Oct-2022 16:23:13 America/Mexico_City] PHP   2. comprasController->recepcionCompras() C:\wamp64\www\GrupoLEA\index.php:28
[03-Oct-2022 16:23:13 America/Mexico_City] PHP Notice:  Trying to access array offset on value of type null in C:\wamp64\www\GrupoLEA\views\compras\recepcion_compras.php on line 33
[03-Oct-2022 16:23:13 America/Mexico_City] PHP Stack trace:
[03-Oct-2022 16:23:13 America/Mexico_City] PHP   1. {main}() C:\wamp64\www\GrupoLEA\index.php:0
[03-Oct-2022 16:23:13 America/Mexico_City] PHP   2. comprasController->recepcionCompras() C:\wamp64\www\GrupoLEA\index.php:28
[03-Oct-2022 16:23:13 America/Mexico_City] PHP   3. require_once() C:\wamp64\www\GrupoLEA\controllers\ComprasController.php:954
[03-Oct-2022 16:23:13 America/Mexico_City] PHP Notice:  Trying to access array offset on value of type null in C:\wamp64\www\GrupoLEA\views\compras\recepcion_compras.php on line 33
[03-Oct-2022 16:23:13 America/Mexico_City] PHP Stack trace:
[03-Oct-2022 16:23:13 America/Mexico_City] PHP   1. {main}() C:\wamp64\www\GrupoLEA\index.php:0
[03-Oct-2022 16:23:13 America/Mexico_City] PHP   2. comprasController->recepcionCompras() C:\wamp64\www\GrupoLEA\index.php:28
[03-Oct-2022 16:23:13 America/Mexico_City] PHP   3. require_once() C:\wamp64\www\GrupoLEA\controllers\ComprasController.php:954
[03-Oct-2022 16:23:13 America/Mexico_City] PHP Notice:  Trying to get property 'folio' of non-object in C:\wamp64\www\GrupoLEA\views\compras\recepcion_compras.php on line 34
[03-Oct-2022 16:23:13 America/Mexico_City] PHP Stack trace:
[03-Oct-2022 16:23:13 America/Mexico_City] PHP   1. {main}() C:\wamp64\www\GrupoLEA\index.php:0
[03-Oct-2022 16:23:13 America/Mexico_City] PHP   2. comprasController->recepcionCompras() C:\wamp64\www\GrupoLEA\index.php:28
[03-Oct-2022 16:23:13 America/Mexico_City] PHP   3. require_once() C:\wamp64\www\GrupoLEA\controllers\ComprasController.php:954
[03-Oct-2022 16:23:13 America/Mexico_City] PHP Notice:  Trying to access array offset on value of type null in C:\wamp64\www\GrupoLEA\views\compras\recepcion_compras.php on line 42
[03-Oct-2022 16:23:13 America/Mexico_City] PHP Stack trace:
[03-Oct-2022 16:23:13 America/Mexico_City] PHP   1. {main}() C:\wamp64\www\GrupoLEA\index.php:0
[03-Oct-2022 16:23:13 America/Mexico_City] PHP   2. comprasController->recepcionCompras() C:\wamp64\www\GrupoLEA\index.php:28
[03-Oct-2022 16:23:13 America/Mexico_City] PHP   3. require_once() C:\wamp64\www\GrupoLEA\controllers\ComprasController.php:954
