[31-Jan-2022 09:04:33 America/Mexico_City] PHP Notice:  Undefined variable: solicitud in C:\wamp64\www\GrupoLEA\views\sistemas\solicitud_servicio.php on line 156
[31-Jan-2022 09:04:33 America/Mexico_City] PHP Stack trace:
[31-Jan-2022 09:04:33 America/Mexico_City] PHP   1. {main}() C:\wamp64\www\GrupoLEA\views\principal\index.php:0
[31-Jan-2022 09:04:33 America/Mexico_City] PHP   2. llamarController() C:\wamp64\www\GrupoLEA\views\principal\index.php:19
[31-Jan-2022 09:04:33 America/Mexico_City] PHP   3. sistemasController->solicitudServicio() C:\wamp64\www\GrupoLEA\views\principal\index.php:38
[31-Jan-2022 09:04:33 America/Mexico_City] PHP   4. require_once() C:\wamp64\www\GrupoLEA\controllers\SistemasController.php:39
[31-Jan-2022 09:04:33 America/Mexico_City] PHP Notice:  Undefined variable: solicitud in C:\wamp64\www\GrupoLEA\views\sistemas\solicitud_servicio.php on line 156
[31-Jan-2022 09:04:33 America/Mexico_City] PHP Stack trace:
[31-Jan-2022 09:04:33 America/Mexico_City] PHP   1. {main}() C:\wamp64\www\GrupoLEA\views\principal\index.php:0
[31-Jan-2022 09:04:33 America/Mexico_City] PHP   2. llamarController() C:\wamp64\www\GrupoLEA\views\principal\index.php:19
[31-Jan-2022 09:04:33 America/Mexico_City] PHP   3. sistemasController->solicitudServicio() C:\wamp64\www\GrupoLEA\views\principal\index.php:38
[31-Jan-2022 09:04:33 America/Mexico_City] PHP   4. require_once() C:\wamp64\www\GrupoLEA\controllers\SistemasController.php:39
[31-Jan-2022 09:04:33 America/Mexico_City] PHP Notice:  Undefined variable: solicitud in C:\wamp64\www\GrupoLEA\views\sistemas\solicitud_servicio.php on line 156
[31-Jan-2022 09:04:33 America/Mexico_City] PHP Stack trace:
[31-Jan-2022 09:04:33 America/Mexico_City] PHP   1. {main}() C:\wamp64\www\GrupoLEA\views\principal\index.php:0
[31-Jan-2022 09:04:33 America/Mexico_City] PHP   2. llamarController() C:\wamp64\www\GrupoLEA\views\principal\index.php:19
[31-Jan-2022 09:04:33 America/Mexico_City] PHP   3. sistemasController->solicitudServicio() C:\wamp64\www\GrupoLEA\views\principal\index.php:38
[31-Jan-2022 09:04:33 America/Mexico_City] PHP   4. require_once() C:\wamp64\www\GrupoLEA\controllers\SistemasController.php:39
[31-Jan-2022 09:04:45 America/Mexico_City] PHP Notice:  Undefined variable: solicitud in C:\wamp64\www\GrupoLEA\views\sistemas\solicitud_servicio.php on line 156
[31-Jan-2022 09:04:45 America/Mexico_City] PHP Stack trace:
[31-Jan-2022 09:04:45 America/Mexico_City] PHP   1. {main}() C:\wamp64\www\GrupoLEA\views\principal\index.php:0
[31-Jan-2022 09:04:45 America/Mexico_City] PHP   2. llamarController() C:\wamp64\www\GrupoLEA\views\principal\index.php:19
[31-Jan-2022 09:04:45 America/Mexico_City] PHP   3. sistemasController->solicitudServicio() C:\wamp64\www\GrupoLEA\views\principal\index.php:38
[31-Jan-2022 09:04:45 America/Mexico_City] PHP   4. require_once() C:\wamp64\www\GrupoLEA\controllers\SistemasController.php:39
[31-Jan-2022 09:04:45 America/Mexico_City] PHP Notice:  Undefined variable: solicitud in C:\wamp64\www\GrupoLEA\views\sistemas\solicitud_servicio.php on line 156
[31-Jan-2022 09:04:45 America/Mexico_City] PHP Stack trace:
[31-Jan-2022 09:04:45 America/Mexico_City] PHP   1. {main}() C:\wamp64\www\GrupoLEA\views\principal\index.php:0
[31-Jan-2022 09:04:45 America/Mexico_City] PHP   2. llamarController() C:\wamp64\www\GrupoLEA\views\principal\index.php:19
[31-Jan-2022 09:04:45 America/Mexico_City] PHP   3. sistemasController->solicitudServicio() C:\wamp64\www\GrupoLEA\views\principal\index.php:38
[31-Jan-2022 09:04:45 America/Mexico_City] PHP   4. require_once() C:\wamp64\www\GrupoLEA\controllers\SistemasController.php:39
[31-Jan-2022 09:04:45 America/Mexico_City] PHP Notice:  Undefined variable: solicitud in C:\wamp64\www\GrupoLEA\views\sistemas\solicitud_servicio.php on line 156
[31-Jan-2022 09:04:45 America/Mexico_City] PHP Stack trace:
[31-Jan-2022 09:04:45 America/Mexico_City] PHP   1. {main}() C:\wamp64\www\GrupoLEA\views\principal\index.php:0
[31-Jan-2022 09:04:45 America/Mexico_City] PHP   2. llamarController() C:\wamp64\www\GrupoLEA\views\principal\index.php:19
[31-Jan-2022 09:04:45 America/Mexico_City] PHP   3. sistemasController->solicitudServicio() C:\wamp64\www\GrupoLEA\views\principal\index.php:38
[31-Jan-2022 09:04:45 America/Mexico_City] PHP   4. require_once() C:\wamp64\www\GrupoLEA\controllers\SistemasController.php:39
