[13-Jun-2022 13:27:04 America/Mexico_City] PHP Deprecated:  Unparenthesized `a ? b : c ? d : e` is deprecated. Use either `(a ? b : c) ? d : e` or `a ? b : (c ? d : e)` in C:\wamp64\www\GrupoLEA\views\compras\embarques.php on line 122
[13-Jun-2022 13:27:04 America/Mexico_City] PHP Stack trace:
[13-Jun-2022 13:27:04 America/Mexico_City] PHP   1. {main}() C:\wamp64\www\GrupoLEA\index.php:0
[13-Jun-2022 13:27:04 America/Mexico_City] PHP   2. comprasController->recepcionCompras() C:\wamp64\www\GrupoLEA\index.php:28
[13-Jun-2022 13:27:04 America/Mexico_City] PHP Deprecated:  Unparenthesized `a ? b : c ? d : e` is deprecated. Use either `(a ? b : c) ? d : e` or `a ? b : (c ? d : e)` in C:\wamp64\www\GrupoLEA\views\compras\embarques.php on line 135
[13-Jun-2022 13:27:04 America/Mexico_City] PHP Stack trace:
[13-Jun-2022 13:27:04 America/Mexico_City] PHP   1. {main}() C:\wamp64\www\GrupoLEA\index.php:0
[13-Jun-2022 13:27:04 America/Mexico_City] PHP   2. comprasController->recepcionCompras() C:\wamp64\www\GrupoLEA\index.php:28
[13-Jun-2022 13:27:04 America/Mexico_City] PHP Deprecated:  Unparenthesized `a ? b : c ? d : e` is deprecated. Use either `(a ? b : c) ? d : e` or `a ? b : (c ? d : e)` in C:\wamp64\www\GrupoLEA\views\compras\embarques.php on line 149
[13-Jun-2022 13:27:04 America/Mexico_City] PHP Stack trace:
[13-Jun-2022 13:27:04 America/Mexico_City] PHP   1. {main}() C:\wamp64\www\GrupoLEA\index.php:0
[13-Jun-2022 13:27:04 America/Mexico_City] PHP   2. comprasController->recepcionCompras() C:\wamp64\www\GrupoLEA\index.php:28
[13-Jun-2022 13:27:04 America/Mexico_City] PHP Deprecated:  Unparenthesized `a ? b : c ? d : e` is deprecated. Use either `(a ? b : c) ? d : e` or `a ? b : (c ? d : e)` in C:\wamp64\www\GrupoLEA\views\compras\embarques.php on line 169
[13-Jun-2022 13:27:04 America/Mexico_City] PHP Stack trace:
[13-Jun-2022 13:27:04 America/Mexico_City] PHP   1. {main}() C:\wamp64\www\GrupoLEA\index.php:0
[13-Jun-2022 13:27:04 America/Mexico_City] PHP   2. comprasController->recepcionCompras() C:\wamp64\www\GrupoLEA\index.php:28
[13-Jun-2022 13:27:04 America/Mexico_City] PHP Deprecated:  Unparenthesized `a ? b : c ? d : e` is deprecated. Use either `(a ? b : c) ? d : e` or `a ? b : (c ? d : e)` in C:\wamp64\www\GrupoLEA\views\compras\embarques.php on line 201
[13-Jun-2022 13:27:04 America/Mexico_City] PHP Stack trace:
[13-Jun-2022 13:27:04 America/Mexico_City] PHP   1. {main}() C:\wamp64\www\GrupoLEA\index.php:0
[13-Jun-2022 13:27:04 America/Mexico_City] PHP   2. comprasController->recepcionCompras() C:\wamp64\www\GrupoLEA\index.php:28
[13-Jun-2022 13:27:04 America/Mexico_City] PHP Deprecated:  Unparenthesized `a ? b : c ? d : e` is deprecated. Use either `(a ? b : c) ? d : e` or `a ? b : (c ? d : e)` in C:\wamp64\www\GrupoLEA\views\compras\embarques.php on line 248
[13-Jun-2022 13:27:04 America/Mexico_City] PHP Stack trace:
[13-Jun-2022 13:27:04 America/Mexico_City] PHP   1. {main}() C:\wamp64\www\GrupoLEA\index.php:0
[13-Jun-2022 13:27:04 America/Mexico_City] PHP   2. comprasController->recepcionCompras() C:\wamp64\www\GrupoLEA\index.php:28
[13-Jun-2022 13:27:04 America/Mexico_City] PHP Deprecated:  Unparenthesized `a ? b : c ? d : e` is deprecated. Use either `(a ? b : c) ? d : e` or `a ? b : (c ? d : e)` in C:\wamp64\www\GrupoLEA\views\compras\embarques.php on line 262
[13-Jun-2022 13:27:04 America/Mexico_City] PHP Stack trace:
[13-Jun-2022 13:27:04 America/Mexico_City] PHP   1. {main}() C:\wamp64\www\GrupoLEA\index.php:0
[13-Jun-2022 13:27:04 America/Mexico_City] PHP   2. comprasController->recepcionCompras() C:\wamp64\www\GrupoLEA\index.php:28
[13-Jun-2022 13:42:56 America/Mexico_City] PHP Notice:  Undefined variable: o in C:\wamp64\www\GrupoLEA\views\compras\compras.php on line 129
[13-Jun-2022 13:42:56 America/Mexico_City] PHP Stack trace:
[13-Jun-2022 13:42:56 America/Mexico_City] PHP   1. {main}() C:\wamp64\www\GrupoLEA\views\principal\index.php:0
[13-Jun-2022 13:42:56 America/Mexico_City] PHP   2. llamarController() C:\wamp64\www\GrupoLEA\views\principal\index.php:21
[13-Jun-2022 13:42:56 America/Mexico_City] PHP   3. comprasController->index() C:\wamp64\www\GrupoLEA\views\principal\index.php:40
[13-Jun-2022 13:42:56 America/Mexico_City] PHP   4. require_once() C:\wamp64\www\GrupoLEA\controllers\ComprasController.php:33
[13-Jun-2022 13:42:56 America/Mexico_City] PHP Notice:  Trying to access array offset on value of type null in C:\wamp64\www\GrupoLEA\views\compras\compras.php on line 129
[13-Jun-2022 13:42:56 America/Mexico_City] PHP Stack trace:
[13-Jun-2022 13:42:56 America/Mexico_City] PHP   1. {main}() C:\wamp64\www\GrupoLEA\views\principal\index.php:0
[13-Jun-2022 13:42:56 America/Mexico_City] PHP   2. llamarController() C:\wamp64\www\GrupoLEA\views\principal\index.php:21
[13-Jun-2022 13:42:56 America/Mexico_City] PHP   3. comprasController->index() C:\wamp64\www\GrupoLEA\views\principal\index.php:40
[13-Jun-2022 13:42:56 America/Mexico_City] PHP   4. require_once() C:\wamp64\www\GrupoLEA\controllers\ComprasController.php:33
[13-Jun-2022 13:43:03 America/Mexico_City] PHP Notice:  Undefined variable: o in C:\wamp64\www\GrupoLEA\views\compras\compras.php on line 129
[13-Jun-2022 13:43:03 America/Mexico_City] PHP Stack trace:
[13-Jun-2022 13:43:03 America/Mexico_City] PHP   1. {main}() C:\wamp64\www\GrupoLEA\views\principal\index.php:0
[13-Jun-2022 13:43:03 America/Mexico_City] PHP   2. llamarController() C:\wamp64\www\GrupoLEA\views\principal\index.php:21
[13-Jun-2022 13:43:03 America/Mexico_City] PHP   3. comprasController->index() C:\wamp64\www\GrupoLEA\views\principal\index.php:40
[13-Jun-2022 13:43:03 America/Mexico_City] PHP   4. require_once() C:\wamp64\www\GrupoLEA\controllers\ComprasController.php:33
[13-Jun-2022 13:43:03 America/Mexico_City] PHP Notice:  Trying to access array offset on value of type null in C:\wamp64\www\GrupoLEA\views\compras\compras.php on line 129
[13-Jun-2022 13:43:03 America/Mexico_City] PHP Stack trace:
[13-Jun-2022 13:43:03 America/Mexico_City] PHP   1. {main}() C:\wamp64\www\GrupoLEA\views\principal\index.php:0
[13-Jun-2022 13:43:03 America/Mexico_City] PHP   2. llamarController() C:\wamp64\www\GrupoLEA\views\principal\index.php:21
[13-Jun-2022 13:43:03 America/Mexico_City] PHP   3. comprasController->index() C:\wamp64\www\GrupoLEA\views\principal\index.php:40
[13-Jun-2022 13:43:03 America/Mexico_City] PHP   4. require_once() C:\wamp64\www\GrupoLEA\controllers\ComprasController.php:33
[13-Jun-2022 13:43:31 America/Mexico_City] PHP Notice:  Undefined variable: o in C:\wamp64\www\GrupoLEA\views\compras\compras.php on line 129
[13-Jun-2022 13:43:31 America/Mexico_City] PHP Stack trace:
[13-Jun-2022 13:43:31 America/Mexico_City] PHP   1. {main}() C:\wamp64\www\GrupoLEA\views\principal\index.php:0
[13-Jun-2022 13:43:31 America/Mexico_City] PHP   2. llamarController() C:\wamp64\www\GrupoLEA\views\principal\index.php:21
[13-Jun-2022 13:43:31 America/Mexico_City] PHP   3. comprasController->index() C:\wamp64\www\GrupoLEA\views\principal\index.php:40
[13-Jun-2022 13:43:31 America/Mexico_City] PHP   4. require_once() C:\wamp64\www\GrupoLEA\controllers\ComprasController.php:33
[13-Jun-2022 13:43:31 America/Mexico_City] PHP Notice:  Trying to access array offset on value of type null in C:\wamp64\www\GrupoLEA\views\compras\compras.php on line 129
[13-Jun-2022 13:43:31 America/Mexico_City] PHP Stack trace:
[13-Jun-2022 13:43:31 America/Mexico_City] PHP   1. {main}() C:\wamp64\www\GrupoLEA\views\principal\index.php:0
[13-Jun-2022 13:43:31 America/Mexico_City] PHP   2. llamarController() C:\wamp64\www\GrupoLEA\views\principal\index.php:21
[13-Jun-2022 13:43:31 America/Mexico_City] PHP   3. comprasController->index() C:\wamp64\www\GrupoLEA\views\principal\index.php:40
[13-Jun-2022 13:43:31 America/Mexico_City] PHP   4. require_once() C:\wamp64\www\GrupoLEA\controllers\ComprasController.php:33
[13-Jun-2022 13:43:36 America/Mexico_City] PHP Notice:  Undefined variable: o in C:\wamp64\www\GrupoLEA\views\compras\compras.php on line 129
[13-Jun-2022 13:43:36 America/Mexico_City] PHP Stack trace:
[13-Jun-2022 13:43:36 America/Mexico_City] PHP   1. {main}() C:\wamp64\www\GrupoLEA\views\principal\index.php:0
[13-Jun-2022 13:43:36 America/Mexico_City] PHP   2. llamarController() C:\wamp64\www\GrupoLEA\views\principal\index.php:21
[13-Jun-2022 13:43:36 America/Mexico_City] PHP   3. comprasController->index() C:\wamp64\www\GrupoLEA\views\principal\index.php:40
[13-Jun-2022 13:43:36 America/Mexico_City] PHP   4. require_once() C:\wamp64\www\GrupoLEA\controllers\ComprasController.php:33
[13-Jun-2022 13:43:36 America/Mexico_City] PHP Notice:  Trying to access array offset on value of type null in C:\wamp64\www\GrupoLEA\views\compras\compras.php on line 129
[13-Jun-2022 13:43:36 America/Mexico_City] PHP Stack trace:
[13-Jun-2022 13:43:36 America/Mexico_City] PHP   1. {main}() C:\wamp64\www\GrupoLEA\views\principal\index.php:0
[13-Jun-2022 13:43:36 America/Mexico_City] PHP   2. llamarController() C:\wamp64\www\GrupoLEA\views\principal\index.php:21
[13-Jun-2022 13:43:36 America/Mexico_City] PHP   3. comprasController->index() C:\wamp64\www\GrupoLEA\views\principal\index.php:40
[13-Jun-2022 13:43:36 America/Mexico_City] PHP   4. require_once() C:\wamp64\www\GrupoLEA\controllers\ComprasController.php:33
[13-Jun-2022 13:44:22 America/Mexico_City] PHP Notice:  Undefined variable: o in C:\wamp64\www\GrupoLEA\views\compras\compras.php on line 129
[13-Jun-2022 13:44:22 America/Mexico_City] PHP Stack trace:
[13-Jun-2022 13:44:22 America/Mexico_City] PHP   1. {main}() C:\wamp64\www\GrupoLEA\views\principal\index.php:0
[13-Jun-2022 13:44:22 America/Mexico_City] PHP   2. llamarController() C:\wamp64\www\GrupoLEA\views\principal\index.php:21
[13-Jun-2022 13:44:22 America/Mexico_City] PHP   3. comprasController->index() C:\wamp64\www\GrupoLEA\views\principal\index.php:40
[13-Jun-2022 13:44:22 America/Mexico_City] PHP   4. require_once() C:\wamp64\www\GrupoLEA\controllers\ComprasController.php:33
[13-Jun-2022 13:44:22 America/Mexico_City] PHP Notice:  Trying to access array offset on value of type null in C:\wamp64\www\GrupoLEA\views\compras\compras.php on line 129
[13-Jun-2022 13:44:22 America/Mexico_City] PHP Stack trace:
[13-Jun-2022 13:44:22 America/Mexico_City] PHP   1. {main}() C:\wamp64\www\GrupoLEA\views\principal\index.php:0
[13-Jun-2022 13:44:22 America/Mexico_City] PHP   2. llamarController() C:\wamp64\www\GrupoLEA\views\principal\index.php:21
[13-Jun-2022 13:44:22 America/Mexico_City] PHP   3. comprasController->index() C:\wamp64\www\GrupoLEA\views\principal\index.php:40
[13-Jun-2022 13:44:22 America/Mexico_City] PHP   4. require_once() C:\wamp64\www\GrupoLEA\controllers\ComprasController.php:33
[13-Jun-2022 13:44:54 America/Mexico_City] PHP Notice:  Undefined variable: o in C:\wamp64\www\GrupoLEA\views\compras\compras.php on line 129
[13-Jun-2022 13:44:54 America/Mexico_City] PHP Stack trace:
[13-Jun-2022 13:44:54 America/Mexico_City] PHP   1. {main}() C:\wamp64\www\GrupoLEA\views\principal\index.php:0
[13-Jun-2022 13:44:54 America/Mexico_City] PHP   2. llamarController() C:\wamp64\www\GrupoLEA\views\principal\index.php:21
[13-Jun-2022 13:44:54 America/Mexico_City] PHP   3. comprasController->index() C:\wamp64\www\GrupoLEA\views\principal\index.php:40
[13-Jun-2022 13:44:54 America/Mexico_City] PHP   4. require_once() C:\wamp64\www\GrupoLEA\controllers\ComprasController.php:33
[13-Jun-2022 13:44:54 America/Mexico_City] PHP Notice:  Trying to access array offset on value of type null in C:\wamp64\www\GrupoLEA\views\compras\compras.php on line 129
[13-Jun-2022 13:44:54 America/Mexico_City] PHP Stack trace:
[13-Jun-2022 13:44:54 America/Mexico_City] PHP   1. {main}() C:\wamp64\www\GrupoLEA\views\principal\index.php:0
[13-Jun-2022 13:44:54 America/Mexico_City] PHP   2. llamarController() C:\wamp64\www\GrupoLEA\views\principal\index.php:21
[13-Jun-2022 13:44:54 America/Mexico_City] PHP   3. comprasController->index() C:\wamp64\www\GrupoLEA\views\principal\index.php:40
[13-Jun-2022 13:44:54 America/Mexico_City] PHP   4. require_once() C:\wamp64\www\GrupoLEA\controllers\ComprasController.php:33
[13-Jun-2022 13:45:49 America/Mexico_City] PHP Notice:  Undefined variable: o in C:\wamp64\www\GrupoLEA\views\compras\compras.php on line 129
[13-Jun-2022 13:45:49 America/Mexico_City] PHP Stack trace:
[13-Jun-2022 13:45:49 America/Mexico_City] PHP   1. {main}() C:\wamp64\www\GrupoLEA\views\principal\index.php:0
[13-Jun-2022 13:45:49 America/Mexico_City] PHP   2. llamarController() C:\wamp64\www\GrupoLEA\views\principal\index.php:21
[13-Jun-2022 13:45:49 America/Mexico_City] PHP   3. comprasController->index() C:\wamp64\www\GrupoLEA\views\principal\index.php:40
[13-Jun-2022 13:45:49 America/Mexico_City] PHP   4. require_once() C:\wamp64\www\GrupoLEA\controllers\ComprasController.php:33
[13-Jun-2022 13:45:49 America/Mexico_City] PHP Notice:  Trying to access array offset on value of type null in C:\wamp64\www\GrupoLEA\views\compras\compras.php on line 129
[13-Jun-2022 13:45:49 America/Mexico_City] PHP Stack trace:
[13-Jun-2022 13:45:49 America/Mexico_City] PHP   1. {main}() C:\wamp64\www\GrupoLEA\views\principal\index.php:0
[13-Jun-2022 13:45:49 America/Mexico_City] PHP   2. llamarController() C:\wamp64\www\GrupoLEA\views\principal\index.php:21
[13-Jun-2022 13:45:49 America/Mexico_City] PHP   3. comprasController->index() C:\wamp64\www\GrupoLEA\views\principal\index.php:40
[13-Jun-2022 13:45:49 America/Mexico_City] PHP   4. require_once() C:\wamp64\www\GrupoLEA\controllers\ComprasController.php:33
[13-Jun-2022 13:46:02 America/Mexico_City] PHP Notice:  Undefined variable: o in C:\wamp64\www\GrupoLEA\views\compras\compras.php on line 129
[13-Jun-2022 13:46:02 America/Mexico_City] PHP Stack trace:
[13-Jun-2022 13:46:02 America/Mexico_City] PHP   1. {main}() C:\wamp64\www\GrupoLEA\views\principal\index.php:0
[13-Jun-2022 13:46:02 America/Mexico_City] PHP   2. llamarController() C:\wamp64\www\GrupoLEA\views\principal\index.php:21
[13-Jun-2022 13:46:02 America/Mexico_City] PHP   3. comprasController->index() C:\wamp64\www\GrupoLEA\views\principal\index.php:40
[13-Jun-2022 13:46:02 America/Mexico_City] PHP   4. require_once() C:\wamp64\www\GrupoLEA\controllers\ComprasController.php:33
[13-Jun-2022 13:46:02 America/Mexico_City] PHP Notice:  Trying to access array offset on value of type null in C:\wamp64\www\GrupoLEA\views\compras\compras.php on line 129
[13-Jun-2022 13:46:02 America/Mexico_City] PHP Stack trace:
[13-Jun-2022 13:46:02 America/Mexico_City] PHP   1. {main}() C:\wamp64\www\GrupoLEA\views\principal\index.php:0
[13-Jun-2022 13:46:02 America/Mexico_City] PHP   2. llamarController() C:\wamp64\www\GrupoLEA\views\principal\index.php:21
[13-Jun-2022 13:46:02 America/Mexico_City] PHP   3. comprasController->index() C:\wamp64\www\GrupoLEA\views\principal\index.php:40
[13-Jun-2022 13:46:02 America/Mexico_City] PHP   4. require_once() C:\wamp64\www\GrupoLEA\controllers\ComprasController.php:33
[13-Jun-2022 13:46:16 America/Mexico_City] PHP Notice:  Undefined variable: o in C:\wamp64\www\GrupoLEA\views\compras\compras.php on line 129
[13-Jun-2022 13:46:16 America/Mexico_City] PHP Stack trace:
[13-Jun-2022 13:46:16 America/Mexico_City] PHP   1. {main}() C:\wamp64\www\GrupoLEA\views\principal\index.php:0
[13-Jun-2022 13:46:16 America/Mexico_City] PHP   2. llamarController() C:\wamp64\www\GrupoLEA\views\principal\index.php:21
[13-Jun-2022 13:46:16 America/Mexico_City] PHP   3. comprasController->index() C:\wamp64\www\GrupoLEA\views\principal\index.php:40
[13-Jun-2022 13:46:16 America/Mexico_City] PHP   4. require_once() C:\wamp64\www\GrupoLEA\controllers\ComprasController.php:33
[13-Jun-2022 13:46:16 America/Mexico_City] PHP Notice:  Trying to access array offset on value of type null in C:\wamp64\www\GrupoLEA\views\compras\compras.php on line 129
[13-Jun-2022 13:46:16 America/Mexico_City] PHP Stack trace:
[13-Jun-2022 13:46:16 America/Mexico_City] PHP   1. {main}() C:\wamp64\www\GrupoLEA\views\principal\index.php:0
[13-Jun-2022 13:46:16 America/Mexico_City] PHP   2. llamarController() C:\wamp64\www\GrupoLEA\views\principal\index.php:21
[13-Jun-2022 13:46:16 America/Mexico_City] PHP   3. comprasController->index() C:\wamp64\www\GrupoLEA\views\principal\index.php:40
[13-Jun-2022 13:46:16 America/Mexico_City] PHP   4. require_once() C:\wamp64\www\GrupoLEA\controllers\ComprasController.php:33
[13-Jun-2022 13:46:18 America/Mexico_City] PHP Notice:  Undefined variable: o in C:\wamp64\www\GrupoLEA\views\compras\compras.php on line 129
[13-Jun-2022 13:46:18 America/Mexico_City] PHP Stack trace:
[13-Jun-2022 13:46:18 America/Mexico_City] PHP   1. {main}() C:\wamp64\www\GrupoLEA\views\principal\index.php:0
[13-Jun-2022 13:46:18 America/Mexico_City] PHP   2. llamarController() C:\wamp64\www\GrupoLEA\views\principal\index.php:21
[13-Jun-2022 13:46:18 America/Mexico_City] PHP   3. comprasController->index() C:\wamp64\www\GrupoLEA\views\principal\index.php:40
[13-Jun-2022 13:46:18 America/Mexico_City] PHP   4. require_once() C:\wamp64\www\GrupoLEA\controllers\ComprasController.php:33
[13-Jun-2022 13:46:18 America/Mexico_City] PHP Notice:  Trying to access array offset on value of type null in C:\wamp64\www\GrupoLEA\views\compras\compras.php on line 129
[13-Jun-2022 13:46:18 America/Mexico_City] PHP Stack trace:
[13-Jun-2022 13:46:18 America/Mexico_City] PHP   1. {main}() C:\wamp64\www\GrupoLEA\views\principal\index.php:0
[13-Jun-2022 13:46:18 America/Mexico_City] PHP   2. llamarController() C:\wamp64\www\GrupoLEA\views\principal\index.php:21
[13-Jun-2022 13:46:18 America/Mexico_City] PHP   3. comprasController->index() C:\wamp64\www\GrupoLEA\views\principal\index.php:40
[13-Jun-2022 13:46:18 America/Mexico_City] PHP   4. require_once() C:\wamp64\www\GrupoLEA\controllers\ComprasController.php:33
[13-Jun-2022 13:47:36 America/Mexico_City] PHP Notice:  Undefined variable: o in C:\wamp64\www\GrupoLEA\views\compras\compras.php on line 129
[13-Jun-2022 13:47:36 America/Mexico_City] PHP Stack trace:
[13-Jun-2022 13:47:36 America/Mexico_City] PHP   1. {main}() C:\wamp64\www\GrupoLEA\views\principal\index.php:0
[13-Jun-2022 13:47:36 America/Mexico_City] PHP   2. llamarController() C:\wamp64\www\GrupoLEA\views\principal\index.php:21
[13-Jun-2022 13:47:36 America/Mexico_City] PHP   3. comprasController->index() C:\wamp64\www\GrupoLEA\views\principal\index.php:40
[13-Jun-2022 13:47:36 America/Mexico_City] PHP   4. require_once() C:\wamp64\www\GrupoLEA\controllers\ComprasController.php:33
[13-Jun-2022 13:47:36 America/Mexico_City] PHP Notice:  Trying to access array offset on value of type null in C:\wamp64\www\GrupoLEA\views\compras\compras.php on line 129
[13-Jun-2022 13:47:36 America/Mexico_City] PHP Stack trace:
[13-Jun-2022 13:47:36 America/Mexico_City] PHP   1. {main}() C:\wamp64\www\GrupoLEA\views\principal\index.php:0
[13-Jun-2022 13:47:36 America/Mexico_City] PHP   2. llamarController() C:\wamp64\www\GrupoLEA\views\principal\index.php:21
[13-Jun-2022 13:47:36 America/Mexico_City] PHP   3. comprasController->index() C:\wamp64\www\GrupoLEA\views\principal\index.php:40
[13-Jun-2022 13:47:36 America/Mexico_City] PHP   4. require_once() C:\wamp64\www\GrupoLEA\controllers\ComprasController.php:33
[13-Jun-2022 14:08:25 America/Mexico_City] PHP Notice:  Undefined variable: o in C:\wamp64\www\GrupoLEA\views\compras\compras.php on line 129
[13-Jun-2022 14:08:25 America/Mexico_City] PHP Stack trace:
[13-Jun-2022 14:08:25 America/Mexico_City] PHP   1. {main}() C:\wamp64\www\GrupoLEA\views\principal\index.php:0
[13-Jun-2022 14:08:25 America/Mexico_City] PHP   2. llamarController() C:\wamp64\www\GrupoLEA\views\principal\index.php:21
[13-Jun-2022 14:08:25 America/Mexico_City] PHP   3. comprasController->index() C:\wamp64\www\GrupoLEA\views\principal\index.php:40
[13-Jun-2022 14:08:25 America/Mexico_City] PHP   4. require_once() C:\wamp64\www\GrupoLEA\controllers\ComprasController.php:33
[13-Jun-2022 14:08:25 America/Mexico_City] PHP Notice:  Trying to access array offset on value of type null in C:\wamp64\www\GrupoLEA\views\compras\compras.php on line 129
[13-Jun-2022 14:08:25 America/Mexico_City] PHP Stack trace:
[13-Jun-2022 14:08:25 America/Mexico_City] PHP   1. {main}() C:\wamp64\www\GrupoLEA\views\principal\index.php:0
[13-Jun-2022 14:08:25 America/Mexico_City] PHP   2. llamarController() C:\wamp64\www\GrupoLEA\views\principal\index.php:21
[13-Jun-2022 14:08:25 America/Mexico_City] PHP   3. comprasController->index() C:\wamp64\www\GrupoLEA\views\principal\index.php:40
[13-Jun-2022 14:08:25 America/Mexico_City] PHP   4. require_once() C:\wamp64\www\GrupoLEA\controllers\ComprasController.php:33
[13-Jun-2022 14:08:34 America/Mexico_City] PHP Notice:  Undefined variable: o in C:\wamp64\www\GrupoLEA\views\compras\compras.php on line 129
[13-Jun-2022 14:08:34 America/Mexico_City] PHP Stack trace:
[13-Jun-2022 14:08:34 America/Mexico_City] PHP   1. {main}() C:\wamp64\www\GrupoLEA\views\principal\index.php:0
[13-Jun-2022 14:08:34 America/Mexico_City] PHP   2. llamarController() C:\wamp64\www\GrupoLEA\views\principal\index.php:21
[13-Jun-2022 14:08:34 America/Mexico_City] PHP   3. comprasController->index() C:\wamp64\www\GrupoLEA\views\principal\index.php:40
[13-Jun-2022 14:08:34 America/Mexico_City] PHP   4. require_once() C:\wamp64\www\GrupoLEA\controllers\ComprasController.php:33
[13-Jun-2022 14:08:34 America/Mexico_City] PHP Notice:  Trying to access array offset on value of type null in C:\wamp64\www\GrupoLEA\views\compras\compras.php on line 129
[13-Jun-2022 14:08:34 America/Mexico_City] PHP Stack trace:
[13-Jun-2022 14:08:34 America/Mexico_City] PHP   1. {main}() C:\wamp64\www\GrupoLEA\views\principal\index.php:0
[13-Jun-2022 14:08:34 America/Mexico_City] PHP   2. llamarController() C:\wamp64\www\GrupoLEA\views\principal\index.php:21
[13-Jun-2022 14:08:34 America/Mexico_City] PHP   3. comprasController->index() C:\wamp64\www\GrupoLEA\views\principal\index.php:40
[13-Jun-2022 14:08:34 America/Mexico_City] PHP   4. require_once() C:\wamp64\www\GrupoLEA\controllers\ComprasController.php:33
[13-Jun-2022 14:15:59 America/Mexico_City] PHP Notice:  Undefined variable: o in C:\wamp64\www\GrupoLEA\views\compras\compras.php on line 129
[13-Jun-2022 14:15:59 America/Mexico_City] PHP Stack trace:
[13-Jun-2022 14:15:59 America/Mexico_City] PHP   1. {main}() C:\wamp64\www\GrupoLEA\views\principal\index.php:0
[13-Jun-2022 14:15:59 America/Mexico_City] PHP   2. llamarController() C:\wamp64\www\GrupoLEA\views\principal\index.php:21
[13-Jun-2022 14:15:59 America/Mexico_City] PHP   3. comprasController->index() C:\wamp64\www\GrupoLEA\views\principal\index.php:40
[13-Jun-2022 14:15:59 America/Mexico_City] PHP   4. require_once() C:\wamp64\www\GrupoLEA\controllers\ComprasController.php:33
[13-Jun-2022 14:15:59 America/Mexico_City] PHP Notice:  Trying to access array offset on value of type null in C:\wamp64\www\GrupoLEA\views\compras\compras.php on line 129
[13-Jun-2022 14:15:59 America/Mexico_City] PHP Stack trace:
[13-Jun-2022 14:15:59 America/Mexico_City] PHP   1. {main}() C:\wamp64\www\GrupoLEA\views\principal\index.php:0
[13-Jun-2022 14:15:59 America/Mexico_City] PHP   2. llamarController() C:\wamp64\www\GrupoLEA\views\principal\index.php:21
[13-Jun-2022 14:15:59 America/Mexico_City] PHP   3. comprasController->index() C:\wamp64\www\GrupoLEA\views\principal\index.php:40
[13-Jun-2022 14:15:59 America/Mexico_City] PHP   4. require_once() C:\wamp64\www\GrupoLEA\controllers\ComprasController.php:33
[13-Jun-2022 15:33:13 America/Mexico_City] PHP Notice:  Undefined variable: o in C:\wamp64\www\GrupoLEA\views\compras\compras.php on line 129
[13-Jun-2022 15:33:13 America/Mexico_City] PHP Stack trace:
[13-Jun-2022 15:33:13 America/Mexico_City] PHP   1. {main}() C:\wamp64\www\GrupoLEA\views\principal\index.php:0
[13-Jun-2022 15:33:13 America/Mexico_City] PHP   2. llamarController() C:\wamp64\www\GrupoLEA\views\principal\index.php:21
[13-Jun-2022 15:33:13 America/Mexico_City] PHP   3. comprasController->index() C:\wamp64\www\GrupoLEA\views\principal\index.php:40
[13-Jun-2022 15:33:13 America/Mexico_City] PHP   4. require_once() C:\wamp64\www\GrupoLEA\controllers\ComprasController.php:33
[13-Jun-2022 15:33:13 America/Mexico_City] PHP Notice:  Trying to access array offset on value of type null in C:\wamp64\www\GrupoLEA\views\compras\compras.php on line 129
[13-Jun-2022 15:33:13 America/Mexico_City] PHP Stack trace:
[13-Jun-2022 15:33:13 America/Mexico_City] PHP   1. {main}() C:\wamp64\www\GrupoLEA\views\principal\index.php:0
[13-Jun-2022 15:33:13 America/Mexico_City] PHP   2. llamarController() C:\wamp64\www\GrupoLEA\views\principal\index.php:21
[13-Jun-2022 15:33:13 America/Mexico_City] PHP   3. comprasController->index() C:\wamp64\www\GrupoLEA\views\principal\index.php:40
[13-Jun-2022 15:33:13 America/Mexico_City] PHP   4. require_once() C:\wamp64\www\GrupoLEA\controllers\ComprasController.php:33
[13-Jun-2022 15:33:58 America/Mexico_City] PHP Notice:  Undefined variable: o in C:\wamp64\www\GrupoLEA\views\compras\compras.php on line 129
[13-Jun-2022 15:33:58 America/Mexico_City] PHP Stack trace:
[13-Jun-2022 15:33:58 America/Mexico_City] PHP   1. {main}() C:\wamp64\www\GrupoLEA\views\principal\index.php:0
[13-Jun-2022 15:33:58 America/Mexico_City] PHP   2. llamarController() C:\wamp64\www\GrupoLEA\views\principal\index.php:21
[13-Jun-2022 15:33:58 America/Mexico_City] PHP   3. comprasController->index() C:\wamp64\www\GrupoLEA\views\principal\index.php:40
[13-Jun-2022 15:33:58 America/Mexico_City] PHP   4. require_once() C:\wamp64\www\GrupoLEA\controllers\ComprasController.php:33
[13-Jun-2022 15:33:58 America/Mexico_City] PHP Notice:  Trying to access array offset on value of type null in C:\wamp64\www\GrupoLEA\views\compras\compras.php on line 129
[13-Jun-2022 15:33:58 America/Mexico_City] PHP Stack trace:
[13-Jun-2022 15:33:58 America/Mexico_City] PHP   1. {main}() C:\wamp64\www\GrupoLEA\views\principal\index.php:0
[13-Jun-2022 15:33:58 America/Mexico_City] PHP   2. llamarController() C:\wamp64\www\GrupoLEA\views\principal\index.php:21
[13-Jun-2022 15:33:58 America/Mexico_City] PHP   3. comprasController->index() C:\wamp64\www\GrupoLEA\views\principal\index.php:40
[13-Jun-2022 15:33:58 America/Mexico_City] PHP   4. require_once() C:\wamp64\www\GrupoLEA\controllers\ComprasController.php:33
[13-Jun-2022 15:36:40 America/Mexico_City] PHP Notice:  Undefined variable: o in C:\wamp64\www\GrupoLEA\views\compras\compras.php on line 129
[13-Jun-2022 15:36:40 America/Mexico_City] PHP Stack trace:
[13-Jun-2022 15:36:40 America/Mexico_City] PHP   1. {main}() C:\wamp64\www\GrupoLEA\views\principal\index.php:0
[13-Jun-2022 15:36:40 America/Mexico_City] PHP   2. llamarController() C:\wamp64\www\GrupoLEA\views\principal\index.php:21
[13-Jun-2022 15:36:40 America/Mexico_City] PHP   3. comprasController->index() C:\wamp64\www\GrupoLEA\views\principal\index.php:40
[13-Jun-2022 15:36:40 America/Mexico_City] PHP   4. require_once() C:\wamp64\www\GrupoLEA\controllers\ComprasController.php:33
[13-Jun-2022 15:36:40 America/Mexico_City] PHP Notice:  Trying to access array offset on value of type null in C:\wamp64\www\GrupoLEA\views\compras\compras.php on line 129
[13-Jun-2022 15:36:40 America/Mexico_City] PHP Stack trace:
[13-Jun-2022 15:36:40 America/Mexico_City] PHP   1. {main}() C:\wamp64\www\GrupoLEA\views\principal\index.php:0
[13-Jun-2022 15:36:40 America/Mexico_City] PHP   2. llamarController() C:\wamp64\www\GrupoLEA\views\principal\index.php:21
[13-Jun-2022 15:36:40 America/Mexico_City] PHP   3. comprasController->index() C:\wamp64\www\GrupoLEA\views\principal\index.php:40
[13-Jun-2022 15:36:40 America/Mexico_City] PHP   4. require_once() C:\wamp64\www\GrupoLEA\controllers\ComprasController.php:33
[13-Jun-2022 15:36:59 America/Mexico_City] PHP Notice:  Undefined variable: o in C:\wamp64\www\GrupoLEA\views\compras\compras.php on line 129
[13-Jun-2022 15:36:59 America/Mexico_City] PHP Stack trace:
[13-Jun-2022 15:36:59 America/Mexico_City] PHP   1. {main}() C:\wamp64\www\GrupoLEA\views\principal\index.php:0
[13-Jun-2022 15:36:59 America/Mexico_City] PHP   2. llamarController() C:\wamp64\www\GrupoLEA\views\principal\index.php:21
[13-Jun-2022 15:36:59 America/Mexico_City] PHP   3. comprasController->index() C:\wamp64\www\GrupoLEA\views\principal\index.php:40
[13-Jun-2022 15:36:59 America/Mexico_City] PHP   4. require_once() C:\wamp64\www\GrupoLEA\controllers\ComprasController.php:33
[13-Jun-2022 15:36:59 America/Mexico_City] PHP Notice:  Trying to access array offset on value of type null in C:\wamp64\www\GrupoLEA\views\compras\compras.php on line 129
[13-Jun-2022 15:36:59 America/Mexico_City] PHP Stack trace:
[13-Jun-2022 15:36:59 America/Mexico_City] PHP   1. {main}() C:\wamp64\www\GrupoLEA\views\principal\index.php:0
[13-Jun-2022 15:36:59 America/Mexico_City] PHP   2. llamarController() C:\wamp64\www\GrupoLEA\views\principal\index.php:21
[13-Jun-2022 15:36:59 America/Mexico_City] PHP   3. comprasController->index() C:\wamp64\www\GrupoLEA\views\principal\index.php:40
[13-Jun-2022 15:36:59 America/Mexico_City] PHP   4. require_once() C:\wamp64\www\GrupoLEA\controllers\ComprasController.php:33
[13-Jun-2022 15:38:52 America/Mexico_City] PHP Notice:  Undefined variable: o in C:\wamp64\www\GrupoLEA\views\compras\compras.php on line 129
[13-Jun-2022 15:38:52 America/Mexico_City] PHP Stack trace:
[13-Jun-2022 15:38:52 America/Mexico_City] PHP   1. {main}() C:\wamp64\www\GrupoLEA\views\principal\index.php:0
[13-Jun-2022 15:38:52 America/Mexico_City] PHP   2. llamarController() C:\wamp64\www\GrupoLEA\views\principal\index.php:21
[13-Jun-2022 15:38:52 America/Mexico_City] PHP   3. comprasController->index() C:\wamp64\www\GrupoLEA\views\principal\index.php:40
[13-Jun-2022 15:38:52 America/Mexico_City] PHP   4. require_once() C:\wamp64\www\GrupoLEA\controllers\ComprasController.php:33
[13-Jun-2022 15:38:52 America/Mexico_City] PHP Notice:  Trying to access array offset on value of type null in C:\wamp64\www\GrupoLEA\views\compras\compras.php on line 129
[13-Jun-2022 15:38:52 America/Mexico_City] PHP Stack trace:
[13-Jun-2022 15:38:52 America/Mexico_City] PHP   1. {main}() C:\wamp64\www\GrupoLEA\views\principal\index.php:0
[13-Jun-2022 15:38:52 America/Mexico_City] PHP   2. llamarController() C:\wamp64\www\GrupoLEA\views\principal\index.php:21
[13-Jun-2022 15:38:52 America/Mexico_City] PHP   3. comprasController->index() C:\wamp64\www\GrupoLEA\views\principal\index.php:40
[13-Jun-2022 15:38:52 America/Mexico_City] PHP   4. require_once() C:\wamp64\www\GrupoLEA\controllers\ComprasController.php:33
[13-Jun-2022 15:39:28 America/Mexico_City] PHP Notice:  Undefined variable: o in C:\wamp64\www\GrupoLEA\views\compras\compras.php on line 129
[13-Jun-2022 15:39:28 America/Mexico_City] PHP Stack trace:
[13-Jun-2022 15:39:28 America/Mexico_City] PHP   1. {main}() C:\wamp64\www\GrupoLEA\views\principal\index.php:0
[13-Jun-2022 15:39:28 America/Mexico_City] PHP   2. llamarController() C:\wamp64\www\GrupoLEA\views\principal\index.php:21
[13-Jun-2022 15:39:28 America/Mexico_City] PHP   3. comprasController->index() C:\wamp64\www\GrupoLEA\views\principal\index.php:40
[13-Jun-2022 15:39:28 America/Mexico_City] PHP   4. require_once() C:\wamp64\www\GrupoLEA\controllers\ComprasController.php:33
[13-Jun-2022 15:39:28 America/Mexico_City] PHP Notice:  Trying to access array offset on value of type null in C:\wamp64\www\GrupoLEA\views\compras\compras.php on line 129
[13-Jun-2022 15:39:28 America/Mexico_City] PHP Stack trace:
[13-Jun-2022 15:39:28 America/Mexico_City] PHP   1. {main}() C:\wamp64\www\GrupoLEA\views\principal\index.php:0
[13-Jun-2022 15:39:28 America/Mexico_City] PHP   2. llamarController() C:\wamp64\www\GrupoLEA\views\principal\index.php:21
[13-Jun-2022 15:39:28 America/Mexico_City] PHP   3. comprasController->index() C:\wamp64\www\GrupoLEA\views\principal\index.php:40
[13-Jun-2022 15:39:28 America/Mexico_City] PHP   4. require_once() C:\wamp64\www\GrupoLEA\controllers\ComprasController.php:33
[13-Jun-2022 15:42:02 America/Mexico_City] PHP Notice:  Undefined variable: o in C:\wamp64\www\GrupoLEA\views\compras\compras.php on line 129
[13-Jun-2022 15:42:02 America/Mexico_City] PHP Stack trace:
[13-Jun-2022 15:42:02 America/Mexico_City] PHP   1. {main}() C:\wamp64\www\GrupoLEA\views\principal\index.php:0
[13-Jun-2022 15:42:02 America/Mexico_City] PHP   2. llamarController() C:\wamp64\www\GrupoLEA\views\principal\index.php:21
[13-Jun-2022 15:42:02 America/Mexico_City] PHP   3. comprasController->index() C:\wamp64\www\GrupoLEA\views\principal\index.php:40
[13-Jun-2022 15:42:02 America/Mexico_City] PHP   4. require_once() C:\wamp64\www\GrupoLEA\controllers\ComprasController.php:33
[13-Jun-2022 15:42:02 America/Mexico_City] PHP Notice:  Trying to access array offset on value of type null in C:\wamp64\www\GrupoLEA\views\compras\compras.php on line 129
[13-Jun-2022 15:42:02 America/Mexico_City] PHP Stack trace:
[13-Jun-2022 15:42:02 America/Mexico_City] PHP   1. {main}() C:\wamp64\www\GrupoLEA\views\principal\index.php:0
[13-Jun-2022 15:42:02 America/Mexico_City] PHP   2. llamarController() C:\wamp64\www\GrupoLEA\views\principal\index.php:21
[13-Jun-2022 15:42:02 America/Mexico_City] PHP   3. comprasController->index() C:\wamp64\www\GrupoLEA\views\principal\index.php:40
[13-Jun-2022 15:42:02 America/Mexico_City] PHP   4. require_once() C:\wamp64\www\GrupoLEA\controllers\ComprasController.php:33
